<?xml version="1.0" encoding="utf-8"?>
<testsuite errors="243" failures="0" name="flake8" tests="243">
    <testcase name="./tools/vim/.ycm_extra_conf.py:8:1" time="">
        <failure col="1" file="./tools/vim/.ycm_extra_conf.py" line="8" message="F401 'os' imported but unused" type="F401">./tools/vim/.ycm_extra_conf.py:8:1 F401 'os' imported but unused</failure>
    </testcase>
    <testcase name="./python/phylanx/__init__.py:33:5" time="">
        <failure col="5" file="./python/phylanx/__init__.py" line="33" message="F403 'from _phylanx import *' used; unable to detect undefined names" type="F403">./python/phylanx/__init__.py:33:5 F403 'from _phylanx import *' used; unable to detect undefined names</failure>
    </testcase>
    <testcase name="./python/phylanx/__init__.py:48:9" time="">
        <failure col="9" file="./python/phylanx/__init__.py" line="48" message="F403 'from _phylanxd import *' used; unable to detect undefined names" type="F403">./python/phylanx/__init__.py:48:9 F403 'from _phylanxd import *' used; unable to detect undefined names</failure>
    </testcase>
    <testcase name="./python/phylanx/__init__.py:62:1" time="">
        <failure col="1" file="./python/phylanx/__init__.py" line="62" message="F405 'init_hpx_runtime' may be undefined, or defined from star imports: _phylanx, _phylanxd" type="F405">./python/phylanx/__init__.py:62:1 F405 'init_hpx_runtime' may be undefined, or defined from star imports: _phylanx, _phylanxd</failure>
    </testcase>
    <testcase name="./python/phylanx/execution_tree/__init__.py:7:5" time="">
        <failure col="5" file="./python/phylanx/execution_tree/__init__.py" line="7" message="F403 'from _phylanx.execution_tree import *' used; unable to detect undefined names" type="F403">./python/phylanx/execution_tree/__init__.py:7:5 F403 'from _phylanx.execution_tree import *' used; unable to detect undefined names</failure>
    </testcase>
    <testcase name="./python/phylanx/execution_tree/__init__.py:7:5" time="">
        <failure col="5" file="./python/phylanx/execution_tree/__init__.py" line="7" message="F401 '_phylanx.execution_tree.*' imported but unused" type="F401">./python/phylanx/execution_tree/__init__.py:7:5 F401 '_phylanx.execution_tree.*' imported but unused</failure>
    </testcase>
    <testcase name="./python/phylanx/execution_tree/__init__.py:10:5" time="">
        <failure col="5" file="./python/phylanx/execution_tree/__init__.py" line="10" message="F403 'from _phylanxd.execution_tree import *' used; unable to detect undefined names" type="F403">./python/phylanx/execution_tree/__init__.py:10:5 F403 'from _phylanxd.execution_tree import *' used; unable to detect undefined names</failure>
    </testcase>
    <testcase name="./python/phylanx/execution_tree/__init__.py:10:5" time="">
        <failure col="5" file="./python/phylanx/execution_tree/__init__.py" line="10" message="F401 '_phylanxd.execution_tree.*' imported but unused" type="F401">./python/phylanx/execution_tree/__init__.py:10:5 F401 '_phylanxd.execution_tree.*' imported but unused</failure>
    </testcase>
    <testcase name="./python/phylanx/util/__init__.py:8:5" time="">
        <failure col="5" file="./python/phylanx/util/__init__.py" line="8" message="F403 'from _phylanx.util import *' used; unable to detect undefined names" type="F403">./python/phylanx/util/__init__.py:8:5 F403 'from _phylanx.util import *' used; unable to detect undefined names</failure>
    </testcase>
    <testcase name="./python/phylanx/util/__init__.py:8:5" time="">
        <failure col="5" file="./python/phylanx/util/__init__.py" line="8" message="F401 '_phylanx.util.*' imported but unused" type="F401">./python/phylanx/util/__init__.py:8:5 F401 '_phylanx.util.*' imported but unused</failure>
    </testcase>
    <testcase name="./python/phylanx/util/__init__.py:11:5" time="">
        <failure col="5" file="./python/phylanx/util/__init__.py" line="11" message="F403 'from _phylanxd.util import *' used; unable to detect undefined names" type="F403">./python/phylanx/util/__init__.py:11:5 F403 'from _phylanxd.util import *' used; unable to detect undefined names</failure>
    </testcase>
    <testcase name="./python/phylanx/util/__init__.py:11:5" time="">
        <failure col="5" file="./python/phylanx/util/__init__.py" line="11" message="F401 '_phylanxd.util.*' imported but unused" type="F401">./python/phylanx/util/__init__.py:11:5 F401 '_phylanxd.util.*' imported but unused</failure>
    </testcase>
    <testcase name="./python/phylanx/ast/transformation.py:119:80" time="">
        <failure col="80" file="./python/phylanx/ast/transformation.py" line="119" message="E501 line too long (85 &gt; 79 characters)" type="E501">./python/phylanx/ast/transformation.py:119:80 E501 line too long (85 &gt; 79 characters)</failure>
    </testcase>
    <testcase name="./python/phylanx/ast/transformation.py:330:80" time="">
        <failure col="80" file="./python/phylanx/ast/transformation.py" line="330" message="E501 line too long (84 &gt; 79 characters)" type="E501">./python/phylanx/ast/transformation.py:330:80 E501 line too long (84 &gt; 79 characters)</failure>
    </testcase>
    <testcase name="./python/phylanx/ast/oscop.py:5:1" time="">
        <failure col="1" file="./python/phylanx/ast/oscop.py" line="5" message="F401 're' imported but unused" type="F401">./python/phylanx/ast/oscop.py:5:1 F401 're' imported but unused</failure>
    </testcase>
    <testcase name="./python/phylanx/ast/oscop.py:7:1" time="">
        <failure col="1" file="./python/phylanx/ast/oscop.py" line="7" message="F401 'inspect' imported but unused" type="F401">./python/phylanx/ast/oscop.py:7:1 F401 'inspect' imported but unused</failure>
    </testcase>
    <testcase name="./python/phylanx/ast/oscop.py:12:1" time="">
        <failure col="1" file="./python/phylanx/ast/oscop.py" line="12" message="F403 'from .templates import *' used; unable to detect undefined names" type="F403">./python/phylanx/ast/oscop.py:12:1 F403 'from .templates import *' used; unable to detect undefined names</failure>
    </testcase>
    <testcase name="./python/phylanx/ast/oscop.py:32:29" time="">
        <failure col="29" file="./python/phylanx/ast/oscop.py" line="32" message="F405 'empty_oscop_global' may be undefined, or defined from star imports: .templates" type="F405">./python/phylanx/ast/oscop.py:32:29 F405 'empty_oscop_global' may be undefined, or defined from star imports: .templates</failure>
    </testcase>
    <testcase name="./python/phylanx/ast/oscop.py:39:34" time="">
        <failure col="34" file="./python/phylanx/ast/oscop.py" line="39" message="F405 'oscop_global' may be undefined, or defined from star imports: .templates" type="F405">./python/phylanx/ast/oscop.py:39:34 F405 'oscop_global' may be undefined, or defined from star imports: .templates</failure>
    </testcase>
    <testcase name="./python/phylanx/ast/oscop.py:61:32" time="">
        <failure col="32" file="./python/phylanx/ast/oscop.py" line="61" message="F405 'empty_oscop_statment' may be undefined, or defined from star imports: .templates" type="F405">./python/phylanx/ast/oscop.py:61:32 F405 'empty_oscop_statment' may be undefined, or defined from star imports: .templates</failure>
    </testcase>
    <testcase name="./python/phylanx/ast/oscop.py:81:34" time="">
        <failure col="34" file="./python/phylanx/ast/oscop.py" line="81" message="F405 'oscop_statment' may be undefined, or defined from star imports: .templates" type="F405">./python/phylanx/ast/oscop.py:81:34 F405 'oscop_statment' may be undefined, or defined from star imports: .templates</failure>
    </testcase>
    <testcase name="./python/phylanx/ast/__init__.py:7:5" time="">
        <failure col="5" file="./python/phylanx/ast/__init__.py" line="7" message="F403 'from _phylanx.ast import *' used; unable to detect undefined names" type="F403">./python/phylanx/ast/__init__.py:7:5 F403 'from _phylanx.ast import *' used; unable to detect undefined names</failure>
    </testcase>
    <testcase name="./python/phylanx/ast/__init__.py:7:5" time="">
        <failure col="5" file="./python/phylanx/ast/__init__.py" line="7" message="F401 '_phylanx.ast.*' imported but unused" type="F401">./python/phylanx/ast/__init__.py:7:5 F401 '_phylanx.ast.*' imported but unused</failure>
    </testcase>
    <testcase name="./python/phylanx/ast/__init__.py:10:5" time="">
        <failure col="5" file="./python/phylanx/ast/__init__.py" line="10" message="F403 'from _phylanxd.ast import *' used; unable to detect undefined names" type="F403">./python/phylanx/ast/__init__.py:10:5 F403 'from _phylanxd.ast import *' used; unable to detect undefined names</failure>
    </testcase>
    <testcase name="./python/phylanx/ast/__init__.py:10:5" time="">
        <failure col="5" file="./python/phylanx/ast/__init__.py" line="10" message="F401 '_phylanxd.ast.*' imported but unused" type="F401">./python/phylanx/ast/__init__.py:10:5 F401 '_phylanxd.ast.*' imported but unused</failure>
    </testcase>
    <testcase name="./python/phylanx/ast/__init__.py:12:1" time="">
        <failure col="1" file="./python/phylanx/ast/__init__.py" line="12" message="F403 'from .transformation import *' used; unable to detect undefined names" type="F403">./python/phylanx/ast/__init__.py:12:1 F403 'from .transformation import *' used; unable to detect undefined names</failure>
    </testcase>
    <testcase name="./python/phylanx/ast/__init__.py:12:1" time="">
        <failure col="1" file="./python/phylanx/ast/__init__.py" line="12" message="F401 '.transformation.*' imported but unused" type="F401">./python/phylanx/ast/__init__.py:12:1 F401 '.transformation.*' imported but unused</failure>
    </testcase>
    <testcase name="./tests/unit/python/execution_tree/map_numpy.py:7:1" time="">
        <failure col="1" file="./tests/unit/python/execution_tree/map_numpy.py" line="7" message="F401 'phylanx' imported but unused" type="F401">./tests/unit/python/execution_tree/map_numpy.py:7:1 F401 'phylanx' imported but unused</failure>
    </testcase>
    <testcase name="./tests/unit/python/execution_tree/map_numpy.py:42:80" time="">
        <failure col="80" file="./tests/unit/python/execution_tree/map_numpy.py" line="42" message="E501 line too long (81 &gt; 79 characters)" type="E501">./tests/unit/python/execution_tree/map_numpy.py:42:80 E501 line too long (81 &gt; 79 characters)</failure>
    </testcase>
    <testcase name="./tests/unit/python/execution_tree/map_numpy.py:132:80" time="">
        <failure col="80" file="./tests/unit/python/execution_tree/map_numpy.py" line="132" message="E501 line too long (81 &gt; 79 characters)" type="E501">./tests/unit/python/execution_tree/map_numpy.py:132:80 E501 line too long (81 &gt; 79 characters)</failure>
    </testcase>
    <testcase name="./tests/unit/python/execution_tree/map_numpy.py:159:80" time="">
        <failure col="80" file="./tests/unit/python/execution_tree/map_numpy.py" line="159" message="E501 line too long (87 &gt; 79 characters)" type="E501">./tests/unit/python/execution_tree/map_numpy.py:159:80 E501 line too long (87 &gt; 79 characters)</failure>
    </testcase>
    <testcase name="./tests/unit/python/execution_tree/for.py:7:1" time="">
        <failure col="1" file="./tests/unit/python/execution_tree/for.py" line="7" message="F401 'phylanx' imported but unused" type="F401">./tests/unit/python/execution_tree/for.py:7:1 F401 'phylanx' imported but unused</failure>
    </testcase>
    <testcase name="./tests/unit/python/execution_tree/for.py:8:1" time="">
        <failure col="1" file="./tests/unit/python/execution_tree/for.py" line="8" message="F403 'from phylanx.ast import *' used; unable to detect undefined names" type="F403">./tests/unit/python/execution_tree/for.py:8:1 F403 'from phylanx.ast import *' used; unable to detect undefined names</failure>
    </testcase>
    <testcase name="./tests/unit/python/execution_tree/for.py:11:2" time="">
        <failure col="2" file="./tests/unit/python/execution_tree/for.py" line="11" message="F405 'Phylanx' may be undefined, or defined from star imports: phylanx.ast" type="F405">./tests/unit/python/execution_tree/for.py:11:2 F405 'Phylanx' may be undefined, or defined from star imports: phylanx.ast</failure>
    </testcase>
    <testcase name="./tests/unit/python/execution_tree/for.py:23:2" time="">
        <failure col="2" file="./tests/unit/python/execution_tree/for.py" line="23" message="F405 'Phylanx' may be undefined, or defined from star imports: phylanx.ast" type="F405">./tests/unit/python/execution_tree/for.py:23:2 F405 'Phylanx' may be undefined, or defined from star imports: phylanx.ast</failure>
    </testcase>
    <testcase name="./tests/unit/python/execution_tree/for.py:35:2" time="">
        <failure col="2" file="./tests/unit/python/execution_tree/for.py" line="35" message="F405 'Phylanx' may be undefined, or defined from star imports: phylanx.ast" type="F405">./tests/unit/python/execution_tree/for.py:35:2 F405 'Phylanx' may be undefined, or defined from star imports: phylanx.ast</failure>
    </testcase>
    <testcase name="./tests/unit/python/execution_tree/for.py:49:2" time="">
        <failure col="2" file="./tests/unit/python/execution_tree/for.py" line="49" message="F405 'Phylanx' may be undefined, or defined from star imports: phylanx.ast" type="F405">./tests/unit/python/execution_tree/for.py:49:2 F405 'Phylanx' may be undefined, or defined from star imports: phylanx.ast</failure>
    </testcase>
    <testcase name="./tests/unit/python/execution_tree/for.py:54:14" time="">
        <failure col="14" file="./tests/unit/python/execution_tree/for.py" line="54" message="F405 'xrange' may be undefined, or defined from star imports: phylanx.ast" type="F405">./tests/unit/python/execution_tree/for.py:54:14 F405 'xrange' may be undefined, or defined from star imports: phylanx.ast</failure>
    </testcase>
    <testcase name="./tests/unit/python/execution_tree/primitives/make_list.py:6:1" time="">
        <failure col="1" file="./tests/unit/python/execution_tree/primitives/make_list.py" line="6" message="F401 'phylanx' imported but unused" type="F401">./tests/unit/python/execution_tree/primitives/make_list.py:6:1 F401 'phylanx' imported but unused</failure>
    </testcase>
    <testcase name="./tests/unit/python/execution_tree/primitives/make_list.py:7:1" time="">
        <failure col="1" file="./tests/unit/python/execution_tree/primitives/make_list.py" line="7" message="F403 'from phylanx.ast import *' used; unable to detect undefined names" type="F403">./tests/unit/python/execution_tree/primitives/make_list.py:7:1 F403 'from phylanx.ast import *' used; unable to detect undefined names</failure>
    </testcase>
    <testcase name="./tests/unit/python/execution_tree/primitives/make_list.py:10:2" time="">
        <failure col="2" file="./tests/unit/python/execution_tree/primitives/make_list.py" line="10" message="F405 'Phylanx' may be undefined, or defined from star imports: phylanx.ast" type="F405">./tests/unit/python/execution_tree/primitives/make_list.py:10:2 F405 'Phylanx' may be undefined, or defined from star imports: phylanx.ast</failure>
    </testcase>
    <testcase name="./tests/unit/python/execution_tree/primitives/make_list.py:12:12" time="">
        <failure col="12" file="./tests/unit/python/execution_tree/primitives/make_list.py" line="12" message="F405 'make_list' may be undefined, or defined from star imports: phylanx.ast" type="F405">./tests/unit/python/execution_tree/primitives/make_list.py:12:12 F405 'make_list' may be undefined, or defined from star imports: phylanx.ast</failure>
    </testcase>
    <testcase name="./tests/unit/python/execution_tree/primitives/make_list.py:15:2" time="">
        <failure col="2" file="./tests/unit/python/execution_tree/primitives/make_list.py" line="15" message="F405 'Phylanx' may be undefined, or defined from star imports: phylanx.ast" type="F405">./tests/unit/python/execution_tree/primitives/make_list.py:15:2 F405 'Phylanx' may be undefined, or defined from star imports: phylanx.ast</failure>
    </testcase>
    <testcase name="./tests/unit/python/execution_tree/primitives/make_list.py:17:12" time="">
        <failure col="12" file="./tests/unit/python/execution_tree/primitives/make_list.py" line="17" message="F405 'make_list' may be undefined, or defined from star imports: phylanx.ast" type="F405">./tests/unit/python/execution_tree/primitives/make_list.py:17:12 F405 'make_list' may be undefined, or defined from star imports: phylanx.ast</failure>
    </testcase>
    <testcase name="./tests/unit/python/execution_tree/primitives/make_list.py:20:2" time="">
        <failure col="2" file="./tests/unit/python/execution_tree/primitives/make_list.py" line="20" message="F405 'Phylanx' may be undefined, or defined from star imports: phylanx.ast" type="F405">./tests/unit/python/execution_tree/primitives/make_list.py:20:2 F405 'Phylanx' may be undefined, or defined from star imports: phylanx.ast</failure>
    </testcase>
    <testcase name="./tests/unit/python/execution_tree/primitives/make_list.py:22:12" time="">
        <failure col="12" file="./tests/unit/python/execution_tree/primitives/make_list.py" line="22" message="F405 'make_list' may be undefined, or defined from star imports: phylanx.ast" type="F405">./tests/unit/python/execution_tree/primitives/make_list.py:22:12 F405 'make_list' may be undefined, or defined from star imports: phylanx.ast</failure>
    </testcase>
    <testcase name="./tests/unit/python/execution_tree/primitives/make_list.py:25:2" time="">
        <failure col="2" file="./tests/unit/python/execution_tree/primitives/make_list.py" line="25" message="F405 'Phylanx' may be undefined, or defined from star imports: phylanx.ast" type="F405">./tests/unit/python/execution_tree/primitives/make_list.py:25:2 F405 'Phylanx' may be undefined, or defined from star imports: phylanx.ast</failure>
    </testcase>
    <testcase name="./tests/unit/python/execution_tree/primitives/make_list.py:30:12" time="">
        <failure col="12" file="./tests/unit/python/execution_tree/primitives/make_list.py" line="30" message="F405 'make_list' may be undefined, or defined from star imports: phylanx.ast" type="F405">./tests/unit/python/execution_tree/primitives/make_list.py:30:12 F405 'make_list' may be undefined, or defined from star imports: phylanx.ast</failure>
    </testcase>
    <testcase name="./tests/unit/python/execution_tree/primitives/make_list.py:33:2" time="">
        <failure col="2" file="./tests/unit/python/execution_tree/primitives/make_list.py" line="33" message="F405 'Phylanx' may be undefined, or defined from star imports: phylanx.ast" type="F405">./tests/unit/python/execution_tree/primitives/make_list.py:33:2 F405 'Phylanx' may be undefined, or defined from star imports: phylanx.ast</failure>
    </testcase>
    <testcase name="./tests/unit/python/execution_tree/primitives/make_list.py:38:12" time="">
        <failure col="12" file="./tests/unit/python/execution_tree/primitives/make_list.py" line="38" message="F405 'make_list' may be undefined, or defined from star imports: phylanx.ast" type="F405">./tests/unit/python/execution_tree/primitives/make_list.py:38:12 F405 'make_list' may be undefined, or defined from star imports: phylanx.ast</failure>
    </testcase>
    <testcase name="./tests/unit/python/execution_tree/primitives/make_list.py:38:25" time="">
        <failure col="25" file="./tests/unit/python/execution_tree/primitives/make_list.py" line="38" message="F405 'make_list' may be undefined, or defined from star imports: phylanx.ast" type="F405">./tests/unit/python/execution_tree/primitives/make_list.py:38:25 F405 'make_list' may be undefined, or defined from star imports: phylanx.ast</failure>
    </testcase>
    <testcase name="./tests/unit/python/execution_tree/primitives/make_list.py:41:2" time="">
        <failure col="2" file="./tests/unit/python/execution_tree/primitives/make_list.py" line="41" message="F405 'Phylanx' may be undefined, or defined from star imports: phylanx.ast" type="F405">./tests/unit/python/execution_tree/primitives/make_list.py:41:2 F405 'Phylanx' may be undefined, or defined from star imports: phylanx.ast</failure>
    </testcase>
    <testcase name="./tests/unit/python/execution_tree/primitives/make_list.py:45:12" time="">
        <failure col="12" file="./tests/unit/python/execution_tree/primitives/make_list.py" line="45" message="F405 'make_list' may be undefined, or defined from star imports: phylanx.ast" type="F405">./tests/unit/python/execution_tree/primitives/make_list.py:45:12 F405 'make_list' may be undefined, or defined from star imports: phylanx.ast</failure>
    </testcase>
    <testcase name="./tests/unit/python/execution_tree/primitives/make_vector.py:6:1" time="">
        <failure col="1" file="./tests/unit/python/execution_tree/primitives/make_vector.py" line="6" message="F401 'phylanx' imported but unused" type="F401">./tests/unit/python/execution_tree/primitives/make_vector.py:6:1 F401 'phylanx' imported but unused</failure>
    </testcase>
    <testcase name="./tests/unit/python/execution_tree/primitives/make_vector.py:7:1" time="">
        <failure col="1" file="./tests/unit/python/execution_tree/primitives/make_vector.py" line="7" message="F403 'from phylanx.ast import *' used; unable to detect undefined names" type="F403">./tests/unit/python/execution_tree/primitives/make_vector.py:7:1 F403 'from phylanx.ast import *' used; unable to detect undefined names</failure>
    </testcase>
    <testcase name="./tests/unit/python/execution_tree/primitives/make_vector.py:11:2" time="">
        <failure col="2" file="./tests/unit/python/execution_tree/primitives/make_vector.py" line="11" message="F405 'Phylanx' may be undefined, or defined from star imports: phylanx.ast" type="F405">./tests/unit/python/execution_tree/primitives/make_vector.py:11:2 F405 'Phylanx' may be undefined, or defined from star imports: phylanx.ast</failure>
    </testcase>
    <testcase name="./tests/unit/python/execution_tree/primitives/make_vector.py:13:12" time="">
        <failure col="12" file="./tests/unit/python/execution_tree/primitives/make_vector.py" line="13" message="F405 'hstack' may be undefined, or defined from star imports: phylanx.ast" type="F405">./tests/unit/python/execution_tree/primitives/make_vector.py:13:12 F405 'hstack' may be undefined, or defined from star imports: phylanx.ast</failure>
    </testcase>
    <testcase name="./tests/unit/python/execution_tree/primitives/make_vector.py:16:2" time="">
        <failure col="2" file="./tests/unit/python/execution_tree/primitives/make_vector.py" line="16" message="F405 'Phylanx' may be undefined, or defined from star imports: phylanx.ast" type="F405">./tests/unit/python/execution_tree/primitives/make_vector.py:16:2 F405 'Phylanx' may be undefined, or defined from star imports: phylanx.ast</failure>
    </testcase>
    <testcase name="./tests/unit/python/execution_tree/primitives/make_vector.py:18:12" time="">
        <failure col="12" file="./tests/unit/python/execution_tree/primitives/make_vector.py" line="18" message="F405 'hstack' may be undefined, or defined from star imports: phylanx.ast" type="F405">./tests/unit/python/execution_tree/primitives/make_vector.py:18:12 F405 'hstack' may be undefined, or defined from star imports: phylanx.ast</failure>
    </testcase>
    <testcase name="./tests/unit/python/execution_tree/primitives/make_vector.py:21:2" time="">
        <failure col="2" file="./tests/unit/python/execution_tree/primitives/make_vector.py" line="21" message="F405 'Phylanx' may be undefined, or defined from star imports: phylanx.ast" type="F405">./tests/unit/python/execution_tree/primitives/make_vector.py:21:2 F405 'Phylanx' may be undefined, or defined from star imports: phylanx.ast</failure>
    </testcase>
    <testcase name="./tests/unit/python/execution_tree/primitives/make_vector.py:26:12" time="">
        <failure col="12" file="./tests/unit/python/execution_tree/primitives/make_vector.py" line="26" message="F405 'hstack' may be undefined, or defined from star imports: phylanx.ast" type="F405">./tests/unit/python/execution_tree/primitives/make_vector.py:26:12 F405 'hstack' may be undefined, or defined from star imports: phylanx.ast</failure>
    </testcase>
    <testcase name="./tests/unit/python/execution_tree/primitives/make_vector.py:29:2" time="">
        <failure col="2" file="./tests/unit/python/execution_tree/primitives/make_vector.py" line="29" message="F405 'Phylanx' may be undefined, or defined from star imports: phylanx.ast" type="F405">./tests/unit/python/execution_tree/primitives/make_vector.py:29:2 F405 'Phylanx' may be undefined, or defined from star imports: phylanx.ast</failure>
    </testcase>
    <testcase name="./tests/unit/python/execution_tree/primitives/make_vector.py:34:12" time="">
        <failure col="12" file="./tests/unit/python/execution_tree/primitives/make_vector.py" line="34" message="F405 'hstack' may be undefined, or defined from star imports: phylanx.ast" type="F405">./tests/unit/python/execution_tree/primitives/make_vector.py:34:12 F405 'hstack' may be undefined, or defined from star imports: phylanx.ast</failure>
    </testcase>
    <testcase name="./tests/unit/python/execution_tree/primitives/make_vector.py:34:22" time="">
        <failure col="22" file="./tests/unit/python/execution_tree/primitives/make_vector.py" line="34" message="F405 'hstack' may be undefined, or defined from star imports: phylanx.ast" type="F405">./tests/unit/python/execution_tree/primitives/make_vector.py:34:22 F405 'hstack' may be undefined, or defined from star imports: phylanx.ast</failure>
    </testcase>
    <testcase name="./tests/unit/python/ast/python_builds_ast.py:8:1" time="">
        <failure col="1" file="./tests/unit/python/ast/python_builds_ast.py" line="8" message="F401 'phylanx.util' imported but unused" type="F401">./tests/unit/python/ast/python_builds_ast.py:8:1 F401 'phylanx.util' imported but unused</failure>
    </testcase>
    <testcase name="./tests/unit/python/ast/node.py:6:1" time="">
        <failure col="1" file="./tests/unit/python/ast/node.py" line="6" message="F401 'phylanx' imported but unused" type="F401">./tests/unit/python/ast/node.py:6:1 F401 'phylanx' imported but unused</failure>
    </testcase>
    <testcase name="./tests/regressions/python/exception_swallowed_369.py:7:1" time="">
        <failure col="1" file="./tests/regressions/python/exception_swallowed_369.py" line="7" message="F403 'from phylanx.ast import *' used; unable to detect undefined names" type="F403">./tests/regressions/python/exception_swallowed_369.py:7:1 F403 'from phylanx.ast import *' used; unable to detect undefined names</failure>
    </testcase>
    <testcase name="./tests/regressions/python/exception_swallowed_369.py:10:2" time="">
        <failure col="2" file="./tests/regressions/python/exception_swallowed_369.py" line="10" message="F405 'Phylanx' may be undefined, or defined from star imports: phylanx.ast" type="F405">./tests/regressions/python/exception_swallowed_369.py:10:2 F405 'Phylanx' may be undefined, or defined from star imports: phylanx.ast</failure>
    </testcase>
    <testcase name="./examples/oscop_matmul.py:5:1" time="">
        <failure col="1" file="./examples/oscop_matmul.py" line="5" message="F403 'from phylanx.ast.oscop import *' used; unable to detect undefined names" type="F403">./examples/oscop_matmul.py:5:1 F403 'from phylanx.ast.oscop import *' used; unable to detect undefined names</failure>
    </testcase>
    <testcase name="./examples/oscop_matmul.py:5:1" time="">
        <failure col="1" file="./examples/oscop_matmul.py" line="5" message="F401 'phylanx.ast.oscop.*' imported but unused" type="F401">./examples/oscop_matmul.py:5:1 F401 'phylanx.ast.oscop.*' imported but unused</failure>
    </testcase>
    <testcase name="./examples/InitMatrix.py:8:1" time="">
        <failure col="1" file="./examples/InitMatrix.py" line="8" message="F403 'from phylanx.util import *' used; unable to detect undefined names" type="F403">./examples/InitMatrix.py:8:1 F403 'from phylanx.util import *' used; unable to detect undefined names</failure>
    </testcase>
    <testcase name="./examples/InitMatrix.py:8:1" time="">
        <failure col="1" file="./examples/InitMatrix.py" line="8" message="F401 'phylanx.util.*' imported but unused" type="F401">./examples/InitMatrix.py:8:1 F401 'phylanx.util.*' imported but unused</failure>
    </testcase>
    <testcase name="./examples/algorithms/phylanx_lra_csv_np.py:6:1" time="">
        <failure col="1" file="./examples/algorithms/phylanx_lra_csv_np.py" line="6" message="F401 'phylanx' imported but unused" type="F401">./examples/algorithms/phylanx_lra_csv_np.py:6:1 F401 'phylanx' imported but unused</failure>
    </testcase>
    <testcase name="./examples/algorithms/phylanx_lra_csv_np.py:8:1" time="">
        <failure col="1" file="./examples/algorithms/phylanx_lra_csv_np.py" line="8" message="F403 'from phylanx.ast import *' used; unable to detect undefined names" type="F403">./examples/algorithms/phylanx_lra_csv_np.py:8:1 F403 'from phylanx.ast import *' used; unable to detect undefined names</failure>
    </testcase>
    <testcase name="./examples/algorithms/phylanx_lra_csv_np.py:11:2" time="">
        <failure col="2" file="./examples/algorithms/phylanx_lra_csv_np.py" line="11" message="F405 'Phylanx' may be undefined, or defined from star imports: phylanx.ast" type="F405">./examples/algorithms/phylanx_lra_csv_np.py:11:2 F405 'Phylanx' may be undefined, or defined from star imports: phylanx.ast</failure>
    </testcase>
    <testcase name="./examples/algorithms/phylanx_lra_csv_np.py:13:15" time="">
        <failure col="15" file="./examples/algorithms/phylanx_lra_csv_np.py" line="13" message="F405 'constant' may be undefined, or defined from star imports: phylanx.ast" type="F405">./examples/algorithms/phylanx_lra_csv_np.py:13:15 F405 'constant' may be undefined, or defined from star imports: phylanx.ast</failure>
    </testcase>
    <testcase name="./examples/algorithms/phylanx_lra_csv_np.py:13:29" time="">
        <failure col="29" file="./examples/algorithms/phylanx_lra_csv_np.py" line="13" message="F405 'shape' may be undefined, or defined from star imports: phylanx.ast" type="F405">./examples/algorithms/phylanx_lra_csv_np.py:13:29 F405 'shape' may be undefined, or defined from star imports: phylanx.ast</failure>
    </testcase>
    <testcase name="./examples/algorithms/phylanx_lra_csv_np.py:15:12" time="">
        <failure col="12" file="./examples/algorithms/phylanx_lra_csv_np.py" line="15" message="F405 'constant' may be undefined, or defined from star imports: phylanx.ast" type="F405">./examples/algorithms/phylanx_lra_csv_np.py:15:12 F405 'constant' may be undefined, or defined from star imports: phylanx.ast</failure>
    </testcase>
    <testcase name="./examples/algorithms/phylanx_lra_csv_np.py:15:26" time="">
        <failure col="26" file="./examples/algorithms/phylanx_lra_csv_np.py" line="15" message="F405 'shape' may be undefined, or defined from star imports: phylanx.ast" type="F405">./examples/algorithms/phylanx_lra_csv_np.py:15:26 F405 'shape' may be undefined, or defined from star imports: phylanx.ast</failure>
    </testcase>
    <testcase name="./examples/algorithms/phylanx_lra_csv_np.py:16:13" time="">
        <failure col="13" file="./examples/algorithms/phylanx_lra_csv_np.py" line="16" message="F405 'constant' may be undefined, or defined from star imports: phylanx.ast" type="F405">./examples/algorithms/phylanx_lra_csv_np.py:16:13 F405 'constant' may be undefined, or defined from star imports: phylanx.ast</failure>
    </testcase>
    <testcase name="./examples/algorithms/phylanx_lra_csv_np.py:16:27" time="">
        <failure col="27" file="./examples/algorithms/phylanx_lra_csv_np.py" line="16" message="F405 'shape' may be undefined, or defined from star imports: phylanx.ast" type="F405">./examples/algorithms/phylanx_lra_csv_np.py:16:27 F405 'shape' may be undefined, or defined from star imports: phylanx.ast</failure>
    </testcase>
    <testcase name="./examples/algorithms/phylanx_lra_csv_np.py:17:16" time="">
        <failure col="16" file="./examples/algorithms/phylanx_lra_csv_np.py" line="17" message="F405 'constant' may be undefined, or defined from star imports: phylanx.ast" type="F405">./examples/algorithms/phylanx_lra_csv_np.py:17:16 F405 'constant' may be undefined, or defined from star imports: phylanx.ast</failure>
    </testcase>
    <testcase name="./examples/algorithms/phylanx_lra_csv_np.py:17:30" time="">
        <failure col="30" file="./examples/algorithms/phylanx_lra_csv_np.py" line="17" message="F405 'shape' may be undefined, or defined from star imports: phylanx.ast" type="F405">./examples/algorithms/phylanx_lra_csv_np.py:17:30 F405 'shape' may be undefined, or defined from star imports: phylanx.ast</failure>
    </testcase>
    <testcase name="./examples/algorithms/kmeans.py:11:1" time="">
        <failure col="1" file="./examples/algorithms/kmeans.py" line="11" message="F401 'phylanx' imported but unused" type="F401">./examples/algorithms/kmeans.py:11:1 F401 'phylanx' imported but unused</failure>
    </testcase>
    <testcase name="./examples/algorithms/kmeans.py:12:1" time="">
        <failure col="1" file="./examples/algorithms/kmeans.py" line="12" message="F403 'from phylanx.ast import *' used; unable to detect undefined names" type="F403">./examples/algorithms/kmeans.py:12:1 F403 'from phylanx.ast import *' used; unable to detect undefined names</failure>
    </testcase>
    <testcase name="./examples/algorithms/kmeans.py:15:2" time="">
        <failure col="2" file="./examples/algorithms/kmeans.py" line="15" message="F405 'Phylanx' may be undefined, or defined from star imports: phylanx.ast" type="F405">./examples/algorithms/kmeans.py:15:2 F405 'Phylanx' may be undefined, or defined from star imports: phylanx.ast</failure>
    </testcase>
    <testcase name="./examples/algorithms/kmeans.py:17:17" time="">
        <failure col="17" file="./examples/algorithms/kmeans.py" line="17" message="F405 'copy' may be undefined, or defined from star imports: phylanx.ast" type="F405">./examples/algorithms/kmeans.py:17:17 F405 'copy' may be undefined, or defined from star imports: phylanx.ast</failure>
    </testcase>
    <testcase name="./examples/algorithms/kmeans.py:18:5" time="">
        <failure col="5" file="./examples/algorithms/kmeans.py" line="18" message="F405 'shuffle' may be undefined, or defined from star imports: phylanx.ast" type="F405">./examples/algorithms/kmeans.py:18:5 F405 'shuffle' may be undefined, or defined from star imports: phylanx.ast</failure>
    </testcase>
    <testcase name="./examples/algorithms/kmeans.py:22:2" time="">
        <failure col="2" file="./examples/algorithms/kmeans.py" line="22" message="F405 'Phylanx' may be undefined, or defined from star imports: phylanx.ast" type="F405">./examples/algorithms/kmeans.py:22:2 F405 'Phylanx' may be undefined, or defined from star imports: phylanx.ast</failure>
    </testcase>
    <testcase name="./examples/algorithms/kmeans.py:24:17" time="">
        <failure col="17" file="./examples/algorithms/kmeans.py" line="24" message="F405 'sqrt' may be undefined, or defined from star imports: phylanx.ast" type="F405">./examples/algorithms/kmeans.py:24:17 F405 'sqrt' may be undefined, or defined from star imports: phylanx.ast</failure>
    </testcase>
    <testcase name="./examples/algorithms/kmeans.py:24:52" time="">
        <failure col="52" file="./examples/algorithms/kmeans.py" line="24" message="F405 'newaxis' may be undefined, or defined from star imports: phylanx.ast" type="F405">./examples/algorithms/kmeans.py:24:52 F405 'newaxis' may be undefined, or defined from star imports: phylanx.ast</failure>
    </testcase>
    <testcase name="./examples/algorithms/kmeans.py:25:12" time="">
        <failure col="12" file="./examples/algorithms/kmeans.py" line="25" message="F405 'argmin' may be undefined, or defined from star imports: phylanx.ast" type="F405">./examples/algorithms/kmeans.py:25:12 F405 'argmin' may be undefined, or defined from star imports: phylanx.ast</failure>
    </testcase>
    <testcase name="./examples/algorithms/kmeans.py:28:2" time="">
        <failure col="2" file="./examples/algorithms/kmeans.py" line="28" message="F405 'Phylanx' may be undefined, or defined from star imports: phylanx.ast" type="F405">./examples/algorithms/kmeans.py:28:2 F405 'Phylanx' may be undefined, or defined from star imports: phylanx.ast</failure>
    </testcase>
    <testcase name="./examples/algorithms/kmeans.py:30:9" time="">
        <failure col="9" file="./examples/algorithms/kmeans.py" line="30" message="F405 'shape' may be undefined, or defined from star imports: phylanx.ast" type="F405">./examples/algorithms/kmeans.py:30:9 F405 'shape' may be undefined, or defined from star imports: phylanx.ast</failure>
    </testcase>
    <testcase name="./examples/algorithms/kmeans.py:31:11" time="">
        <failure col="11" file="./examples/algorithms/kmeans.py" line="31" message="F405 'constant' may be undefined, or defined from star imports: phylanx.ast" type="F405">./examples/algorithms/kmeans.py:31:11 F405 'constant' may be undefined, or defined from star imports: phylanx.ast</failure>
    </testcase>
    <testcase name="./examples/algorithms/kmeans.py:31:28" time="">
        <failure col="28" file="./examples/algorithms/kmeans.py" line="31" message="F405 'shape' may be undefined, or defined from star imports: phylanx.ast" type="F405">./examples/algorithms/kmeans.py:31:28 F405 'shape' may be undefined, or defined from star imports: phylanx.ast</failure>
    </testcase>
    <testcase name="./examples/algorithms/kmeans.py:33:15" time="">
        <failure col="15" file="./examples/algorithms/kmeans.py" line="33" message="F405 'vstack' may be undefined, or defined from star imports: phylanx.ast" type="F405">./examples/algorithms/kmeans.py:33:15 F405 'vstack' may be undefined, or defined from star imports: phylanx.ast</failure>
    </testcase>
    <testcase name="./examples/algorithms/kmeans.py:33:27" time="">
        <failure col="27" file="./examples/algorithms/kmeans.py" line="33" message="F405 'mean' may be undefined, or defined from star imports: phylanx.ast" type="F405">./examples/algorithms/kmeans.py:33:27 F405 'mean' may be undefined, or defined from star imports: phylanx.ast</failure>
    </testcase>
    <testcase name="./examples/algorithms/kmeans.py:37:2" time="">
        <failure col="2" file="./examples/algorithms/kmeans.py" line="37" message="F405 'Phylanx' may be undefined, or defined from star imports: phylanx.ast" type="F405">./examples/algorithms/kmeans.py:37:2 F405 'Phylanx' may be undefined, or defined from star imports: phylanx.ast</failure>
    </testcase>
    <testcase name="./examples/algorithms/kmeans.py:42:19" time="">
        <failure col="19" file="./examples/algorithms/kmeans.py" line="42" message="F405 'closest_centroids' may be undefined, or defined from star imports: phylanx.ast" type="F405">./examples/algorithms/kmeans.py:42:19 F405 'closest_centroids' may be undefined, or defined from star imports: phylanx.ast</failure>
    </testcase>
    <testcase name="./examples/algorithms/phylanx_lra_csv.py:7:1" time="">
        <failure col="1" file="./examples/algorithms/phylanx_lra_csv.py" line="7" message="F401 'phylanx' imported but unused" type="F401">./examples/algorithms/phylanx_lra_csv.py:7:1 F401 'phylanx' imported but unused</failure>
    </testcase>
    <testcase name="./examples/algorithms/phylanx_lra_csv.py:8:1" time="">
        <failure col="1" file="./examples/algorithms/phylanx_lra_csv.py" line="8" message="F403 'from phylanx.ast import *' used; unable to detect undefined names" type="F403">./examples/algorithms/phylanx_lra_csv.py:8:1 F403 'from phylanx.ast import *' used; unable to detect undefined names</failure>
    </testcase>
    <testcase name="./examples/algorithms/phylanx_lra_csv.py:11:2" time="">
        <failure col="2" file="./examples/algorithms/phylanx_lra_csv.py" line="11" message="F405 'Phylanx' may be undefined, or defined from star imports: phylanx.ast" type="F405">./examples/algorithms/phylanx_lra_csv.py:11:2 F405 'Phylanx' may be undefined, or defined from star imports: phylanx.ast</failure>
    </testcase>
    <testcase name="./examples/algorithms/phylanx_lra_csv.py:14:12" time="">
        <failure col="12" file="./examples/algorithms/phylanx_lra_csv.py" line="14" message="F405 'file_read_csv' may be undefined, or defined from star imports: phylanx.ast" type="F405">./examples/algorithms/phylanx_lra_csv.py:14:12 F405 'file_read_csv' may be undefined, or defined from star imports: phylanx.ast</failure>
    </testcase>
    <testcase name="./examples/algorithms/phylanx_lra_csv.py:17:15" time="">
        <failure col="15" file="./examples/algorithms/phylanx_lra_csv.py" line="17" message="F405 'constant' may be undefined, or defined from star imports: phylanx.ast" type="F405">./examples/algorithms/phylanx_lra_csv.py:17:15 F405 'constant' may be undefined, or defined from star imports: phylanx.ast</failure>
    </testcase>
    <testcase name="./examples/algorithms/phylanx_lra_csv.py:17:29" time="">
        <failure col="29" file="./examples/algorithms/phylanx_lra_csv.py" line="17" message="F405 'shape' may be undefined, or defined from star imports: phylanx.ast" type="F405">./examples/algorithms/phylanx_lra_csv.py:17:29 F405 'shape' may be undefined, or defined from star imports: phylanx.ast</failure>
    </testcase>
    <testcase name="./examples/algorithms/phylanx_lra_csv.py:18:14" time="">
        <failure col="14" file="./examples/algorithms/phylanx_lra_csv.py" line="18" message="F405 'transpose' may be undefined, or defined from star imports: phylanx.ast" type="F405">./examples/algorithms/phylanx_lra_csv.py:18:14 F405 'transpose' may be undefined, or defined from star imports: phylanx.ast</failure>
    </testcase>
    <testcase name="./examples/algorithms/phylanx_lra_csv.py:19:12" time="">
        <failure col="12" file="./examples/algorithms/phylanx_lra_csv.py" line="19" message="F405 'constant' may be undefined, or defined from star imports: phylanx.ast" type="F405">./examples/algorithms/phylanx_lra_csv.py:19:12 F405 'constant' may be undefined, or defined from star imports: phylanx.ast</failure>
    </testcase>
    <testcase name="./examples/algorithms/phylanx_lra_csv.py:19:26" time="">
        <failure col="26" file="./examples/algorithms/phylanx_lra_csv.py" line="19" message="F405 'shape' may be undefined, or defined from star imports: phylanx.ast" type="F405">./examples/algorithms/phylanx_lra_csv.py:19:26 F405 'shape' may be undefined, or defined from star imports: phylanx.ast</failure>
    </testcase>
    <testcase name="./examples/algorithms/phylanx_lra_csv.py:20:13" time="">
        <failure col="13" file="./examples/algorithms/phylanx_lra_csv.py" line="20" message="F405 'constant' may be undefined, or defined from star imports: phylanx.ast" type="F405">./examples/algorithms/phylanx_lra_csv.py:20:13 F405 'constant' may be undefined, or defined from star imports: phylanx.ast</failure>
    </testcase>
    <testcase name="./examples/algorithms/phylanx_lra_csv.py:20:27" time="">
        <failure col="27" file="./examples/algorithms/phylanx_lra_csv.py" line="20" message="F405 'shape' may be undefined, or defined from star imports: phylanx.ast" type="F405">./examples/algorithms/phylanx_lra_csv.py:20:27 F405 'shape' may be undefined, or defined from star imports: phylanx.ast</failure>
    </testcase>
    <testcase name="./examples/algorithms/phylanx_lra_csv.py:21:16" time="">
        <failure col="16" file="./examples/algorithms/phylanx_lra_csv.py" line="21" message="F405 'constant' may be undefined, or defined from star imports: phylanx.ast" type="F405">./examples/algorithms/phylanx_lra_csv.py:21:16 F405 'constant' may be undefined, or defined from star imports: phylanx.ast</failure>
    </testcase>
    <testcase name="./examples/algorithms/phylanx_lra_csv.py:21:30" time="">
        <failure col="30" file="./examples/algorithms/phylanx_lra_csv.py" line="21" message="F405 'shape' may be undefined, or defined from star imports: phylanx.ast" type="F405">./examples/algorithms/phylanx_lra_csv.py:21:30 F405 'shape' may be undefined, or defined from star imports: phylanx.ast</failure>
    </testcase>
    <testcase name="./examples/algorithms/phylanx_lra_csv.py:26:29" time="">
        <failure col="29" file="./examples/algorithms/phylanx_lra_csv.py" line="26" message="F405 'exp' may be undefined, or defined from star imports: phylanx.ast" type="F405">./examples/algorithms/phylanx_lra_csv.py:26:29 F405 'exp' may be undefined, or defined from star imports: phylanx.ast</failure>
    </testcase>
    <testcase name="./examples/algorithms/phylanx_lra_csv.py:26:34" time="">
        <failure col="34" file="./examples/algorithms/phylanx_lra_csv.py" line="26" message="F405 'dot' may be undefined, or defined from star imports: phylanx.ast" type="F405">./examples/algorithms/phylanx_lra_csv.py:26:34 F405 'dot' may be undefined, or defined from star imports: phylanx.ast</failure>
    </testcase>
    <testcase name="./examples/algorithms/phylanx_lra_csv.py:28:20" time="">
        <failure col="20" file="./examples/algorithms/phylanx_lra_csv.py" line="28" message="F405 'dot' may be undefined, or defined from star imports: phylanx.ast" type="F405">./examples/algorithms/phylanx_lra_csv.py:28:20 F405 'dot' may be undefined, or defined from star imports: phylanx.ast</failure>
    </testcase>
    <testcase name="./examples/algorithms/pca.py:19:1" time="">
        <failure col="1" file="./examples/algorithms/pca.py" line="19" message="F401 'phylanx' imported but unused" type="F401">./examples/algorithms/pca.py:19:1 F401 'phylanx' imported but unused</failure>
    </testcase>
    <testcase name="./examples/algorithms/pca.py:20:1" time="">
        <failure col="1" file="./examples/algorithms/pca.py" line="20" message="F403 'from phylanx.ast import *' used; unable to detect undefined names" type="F403">./examples/algorithms/pca.py:20:1 F403 'from phylanx.ast import *' used; unable to detect undefined names</failure>
    </testcase>
    <testcase name="./examples/algorithms/pca.py:23:2" time="">
        <failure col="2" file="./examples/algorithms/pca.py" line="23" message="F405 'Phylanx' may be undefined, or defined from star imports: phylanx.ast" type="F405">./examples/algorithms/pca.py:23:2 F405 'Phylanx' may be undefined, or defined from star imports: phylanx.ast</failure>
    </testcase>
    <testcase name="./examples/algorithms/pca.py:25:9" time="">
        <failure col="9" file="./examples/algorithms/pca.py" line="25" message="F405 'transpose' may be undefined, or defined from star imports: phylanx.ast" type="F405">./examples/algorithms/pca.py:25:9 F405 'transpose' may be undefined, or defined from star imports: phylanx.ast</failure>
    </testcase>
    <testcase name="./examples/algorithms/pca.py:25:23" time="">
        <failure col="23" file="./examples/algorithms/pca.py" line="25" message="F405 'mean' may be undefined, or defined from star imports: phylanx.ast" type="F405">./examples/algorithms/pca.py:25:23 F405 'mean' may be undefined, or defined from star imports: phylanx.ast</failure>
    </testcase>
    <testcase name="./examples/algorithms/pca.py:25:28" time="">
        <failure col="28" file="./examples/algorithms/pca.py" line="25" message="F405 'transpose' may be undefined, or defined from star imports: phylanx.ast" type="F405">./examples/algorithms/pca.py:25:28 F405 'transpose' may be undefined, or defined from star imports: phylanx.ast</failure>
    </testcase>
    <testcase name="./examples/algorithms/pca.py:27:21" time="">
        <failure col="21" file="./examples/algorithms/pca.py" line="27" message="F405 'eig' may be undefined, or defined from star imports: phylanx.ast" type="F405">./examples/algorithms/pca.py:27:21 F405 'eig' may be undefined, or defined from star imports: phylanx.ast</failure>
    </testcase>
    <testcase name="./examples/algorithms/pca.py:27:25" time="">
        <failure col="25" file="./examples/algorithms/pca.py" line="27" message="F405 'cov' may be undefined, or defined from star imports: phylanx.ast" type="F405">./examples/algorithms/pca.py:27:25 F405 'cov' may be undefined, or defined from star imports: phylanx.ast</failure>
    </testcase>
    <testcase name="./examples/algorithms/pca.py:28:13" time="">
        <failure col="13" file="./examples/algorithms/pca.py" line="28" message="F405 'dot' may be undefined, or defined from star imports: phylanx.ast" type="F405">./examples/algorithms/pca.py:28:13 F405 'dot' may be undefined, or defined from star imports: phylanx.ast</failure>
    </testcase>
    <testcase name="./examples/algorithms/pca.py:28:17" time="">
        <failure col="17" file="./examples/algorithms/pca.py" line="28" message="F405 'transpose' may be undefined, or defined from star imports: phylanx.ast" type="F405">./examples/algorithms/pca.py:28:17 F405 'transpose' may be undefined, or defined from star imports: phylanx.ast</failure>
    </testcase>
    <testcase name="./examples/algorithms/pca.py:34:9" time="">
        <failure col="9" file="./examples/algorithms/pca.py" line="34" message="F405 'array' may be undefined, or defined from star imports: phylanx.ast" type="F405">./examples/algorithms/pca.py:34:9 F405 'array' may be undefined, or defined from star imports: phylanx.ast</failure>
    </testcase>
    <testcase name="./examples/algorithms/pca.py:37:32" time="">
        <failure col="32" file="./examples/algorithms/pca.py" line="37" message="F405 'transpose' may be undefined, or defined from star imports: phylanx.ast" type="F405">./examples/algorithms/pca.py:37:32 F405 'transpose' may be undefined, or defined from star imports: phylanx.ast</failure>
    </testcase>
    <testcase name="./examples/algorithms/pca.py:40:11" time="">
        <failure col="11" file="./examples/algorithms/pca.py" line="40" message="F405 'princomp' may be undefined, or defined from star imports: phylanx.ast" type="F405">./examples/algorithms/pca.py:40:11 F405 'princomp' may be undefined, or defined from star imports: phylanx.ast</failure>
    </testcase>
    <testcase name="./examples/algorithms/pca.py:40:20" time="">
        <failure col="20" file="./examples/algorithms/pca.py" line="40" message="F405 'transpose' may be undefined, or defined from star imports: phylanx.ast" type="F405">./examples/algorithms/pca.py:40:20 F405 'transpose' may be undefined, or defined from star imports: phylanx.ast</failure>
    </testcase>
    <testcase name="./examples/algorithms/phylanx_als_csv.py:6:1" time="">
        <failure col="1" file="./examples/algorithms/phylanx_als_csv.py" line="6" message="F401 'phylanx' imported but unused" type="F401">./examples/algorithms/phylanx_als_csv.py:6:1 F401 'phylanx' imported but unused</failure>
    </testcase>
    <testcase name="./examples/algorithms/phylanx_als_csv.py:7:1" time="">
        <failure col="1" file="./examples/algorithms/phylanx_als_csv.py" line="7" message="F403 'from phylanx.ast import *' used; unable to detect undefined names" type="F403">./examples/algorithms/phylanx_als_csv.py:7:1 F403 'from phylanx.ast import *' used; unable to detect undefined names</failure>
    </testcase>
    <testcase name="./examples/algorithms/phylanx_als_csv.py:8:1" time="">
        <failure col="1" file="./examples/algorithms/phylanx_als_csv.py" line="8" message="F401 'numpy as np' imported but unused" type="F401">./examples/algorithms/phylanx_als_csv.py:8:1 F401 'numpy as np' imported but unused</failure>
    </testcase>
    <testcase name="./examples/algorithms/phylanx_als_csv.py:11:2" time="">
        <failure col="2" file="./examples/algorithms/phylanx_als_csv.py" line="11" message="F405 'Phylanx' may be undefined, or defined from star imports: phylanx.ast" type="F405">./examples/algorithms/phylanx_als_csv.py:11:2 F405 'Phylanx' may be undefined, or defined from star imports: phylanx.ast</failure>
    </testcase>
    <testcase name="./examples/algorithms/phylanx_als_csv.py:12:80" time="">
        <failure col="80" file="./examples/algorithms/phylanx_als_csv.py" line="12" message="E501 line too long (85 &gt; 79 characters)" type="E501">./examples/algorithms/phylanx_als_csv.py:12:80 E501 line too long (85 &gt; 79 characters)</failure>
    </testcase>
    <testcase name="./examples/algorithms/phylanx_als_csv.py:14:12" time="">
        <failure col="12" file="./examples/algorithms/phylanx_als_csv.py" line="14" message="F405 'file_read_csv' may be undefined, or defined from star imports: phylanx.ast" type="F405">./examples/algorithms/phylanx_als_csv.py:14:12 F405 'file_read_csv' may be undefined, or defined from star imports: phylanx.ast</failure>
    </testcase>
    <testcase name="./examples/algorithms/phylanx_als_csv.py:16:17" time="">
        <failure col="17" file="./examples/algorithms/phylanx_als_csv.py" line="16" message="F405 'shape' may be undefined, or defined from star imports: phylanx.ast" type="F405">./examples/algorithms/phylanx_als_csv.py:16:17 F405 'shape' may be undefined, or defined from star imports: phylanx.ast</failure>
    </testcase>
    <testcase name="./examples/algorithms/phylanx_als_csv.py:17:17" time="">
        <failure col="17" file="./examples/algorithms/phylanx_als_csv.py" line="17" message="F405 'shape' may be undefined, or defined from star imports: phylanx.ast" type="F405">./examples/algorithms/phylanx_als_csv.py:17:17 F405 'shape' may be undefined, or defined from star imports: phylanx.ast</failure>
    </testcase>
    <testcase name="./examples/algorithms/phylanx_als_csv.py:19:14" time="">
        <failure col="14" file="./examples/algorithms/phylanx_als_csv.py" line="19" message="F405 'constant' may be undefined, or defined from star imports: phylanx.ast" type="F405">./examples/algorithms/phylanx_als_csv.py:19:14 F405 'constant' may be undefined, or defined from star imports: phylanx.ast</failure>
    </testcase>
    <testcase name="./examples/algorithms/phylanx_als_csv.py:19:28" time="">
        <failure col="28" file="./examples/algorithms/phylanx_als_csv.py" line="19" message="F405 'make_list' may be undefined, or defined from star imports: phylanx.ast" type="F405">./examples/algorithms/phylanx_als_csv.py:19:28 F405 'make_list' may be undefined, or defined from star imports: phylanx.ast</failure>
    </testcase>
    <testcase name="./examples/algorithms/phylanx_als_csv.py:20:14" time="">
        <failure col="14" file="./examples/algorithms/phylanx_als_csv.py" line="20" message="F405 'constant' may be undefined, or defined from star imports: phylanx.ast" type="F405">./examples/algorithms/phylanx_als_csv.py:20:14 F405 'constant' may be undefined, or defined from star imports: phylanx.ast</failure>
    </testcase>
    <testcase name="./examples/algorithms/phylanx_als_csv.py:20:28" time="">
        <failure col="28" file="./examples/algorithms/phylanx_als_csv.py" line="20" message="F405 'make_list' may be undefined, or defined from star imports: phylanx.ast" type="F405">./examples/algorithms/phylanx_als_csv.py:20:28 F405 'make_list' may be undefined, or defined from star imports: phylanx.ast</failure>
    </testcase>
    <testcase name="./examples/algorithms/phylanx_als_csv.py:21:11" time="">
        <failure col="11" file="./examples/algorithms/phylanx_als_csv.py" line="21" message="F405 'constant' may be undefined, or defined from star imports: phylanx.ast" type="F405">./examples/algorithms/phylanx_als_csv.py:21:11 F405 'constant' may be undefined, or defined from star imports: phylanx.ast</failure>
    </testcase>
    <testcase name="./examples/algorithms/phylanx_als_csv.py:21:25" time="">
        <failure col="25" file="./examples/algorithms/phylanx_als_csv.py" line="21" message="F405 'make_list' may be undefined, or defined from star imports: phylanx.ast" type="F405">./examples/algorithms/phylanx_als_csv.py:21:25 F405 'make_list' may be undefined, or defined from star imports: phylanx.ast</failure>
    </testcase>
    <testcase name="./examples/algorithms/phylanx_als_csv.py:22:11" time="">
        <failure col="11" file="./examples/algorithms/phylanx_als_csv.py" line="22" message="F405 'constant' may be undefined, or defined from star imports: phylanx.ast" type="F405">./examples/algorithms/phylanx_als_csv.py:22:11 F405 'constant' may be undefined, or defined from star imports: phylanx.ast</failure>
    </testcase>
    <testcase name="./examples/algorithms/phylanx_als_csv.py:22:25" time="">
        <failure col="25" file="./examples/algorithms/phylanx_als_csv.py" line="22" message="F405 'make_list' may be undefined, or defined from star imports: phylanx.ast" type="F405">./examples/algorithms/phylanx_als_csv.py:22:25 F405 'make_list' may be undefined, or defined from star imports: phylanx.ast</failure>
    </testcase>
    <testcase name="./examples/algorithms/phylanx_als_csv.py:23:11" time="">
        <failure col="11" file="./examples/algorithms/phylanx_als_csv.py" line="23" message="F405 'constant' may be undefined, or defined from star imports: phylanx.ast" type="F405">./examples/algorithms/phylanx_als_csv.py:23:11 F405 'constant' may be undefined, or defined from star imports: phylanx.ast</failure>
    </testcase>
    <testcase name="./examples/algorithms/phylanx_als_csv.py:23:25" time="">
        <failure col="25" file="./examples/algorithms/phylanx_als_csv.py" line="23" message="F405 'make_list' may be undefined, or defined from star imports: phylanx.ast" type="F405">./examples/algorithms/phylanx_als_csv.py:23:25 F405 'make_list' may be undefined, or defined from star imports: phylanx.ast</failure>
    </testcase>
    <testcase name="./examples/algorithms/phylanx_als_csv.py:24:11" time="">
        <failure col="11" file="./examples/algorithms/phylanx_als_csv.py" line="24" message="F405 'constant' may be undefined, or defined from star imports: phylanx.ast" type="F405">./examples/algorithms/phylanx_als_csv.py:24:11 F405 'constant' may be undefined, or defined from star imports: phylanx.ast</failure>
    </testcase>
    <testcase name="./examples/algorithms/phylanx_als_csv.py:24:25" time="">
        <failure col="25" file="./examples/algorithms/phylanx_als_csv.py" line="24" message="F405 'make_list' may be undefined, or defined from star imports: phylanx.ast" type="F405">./examples/algorithms/phylanx_als_csv.py:24:25 F405 'make_list' may be undefined, or defined from star imports: phylanx.ast</failure>
    </testcase>
    <testcase name="./examples/algorithms/phylanx_als_csv.py:25:5" time="">
        <failure col="5" file="./examples/algorithms/phylanx_als_csv.py" line="25" message="F405 'set_seed' may be undefined, or defined from star imports: phylanx.ast" type="F405">./examples/algorithms/phylanx_als_csv.py:25:5 F405 'set_seed' may be undefined, or defined from star imports: phylanx.ast</failure>
    </testcase>
    <testcase name="./examples/algorithms/phylanx_als_csv.py:26:9" time="">
        <failure col="9" file="./examples/algorithms/phylanx_als_csv.py" line="26" message="F405 'random' may be undefined, or defined from star imports: phylanx.ast" type="F405">./examples/algorithms/phylanx_als_csv.py:26:9 F405 'random' may be undefined, or defined from star imports: phylanx.ast</failure>
    </testcase>
    <testcase name="./examples/algorithms/phylanx_als_csv.py:26:16" time="">
        <failure col="16" file="./examples/algorithms/phylanx_als_csv.py" line="26" message="F405 'make_list' may be undefined, or defined from star imports: phylanx.ast" type="F405">./examples/algorithms/phylanx_als_csv.py:26:16 F405 'make_list' may be undefined, or defined from star imports: phylanx.ast</failure>
    </testcase>
    <testcase name="./examples/algorithms/phylanx_als_csv.py:27:9" time="">
        <failure col="9" file="./examples/algorithms/phylanx_als_csv.py" line="27" message="F405 'random' may be undefined, or defined from star imports: phylanx.ast" type="F405">./examples/algorithms/phylanx_als_csv.py:27:9 F405 'random' may be undefined, or defined from star imports: phylanx.ast</failure>
    </testcase>
    <testcase name="./examples/algorithms/phylanx_als_csv.py:27:16" time="">
        <failure col="16" file="./examples/algorithms/phylanx_als_csv.py" line="27" message="F405 'make_list' may be undefined, or defined from star imports: phylanx.ast" type="F405">./examples/algorithms/phylanx_als_csv.py:27:16 F405 'make_list' may be undefined, or defined from star imports: phylanx.ast</failure>
    </testcase>
    <testcase name="./examples/algorithms/phylanx_als_csv.py:28:11" time="">
        <failure col="11" file="./examples/algorithms/phylanx_als_csv.py" line="28" message="F405 'identity' may be undefined, or defined from star imports: phylanx.ast" type="F405">./examples/algorithms/phylanx_als_csv.py:28:11 F405 'identity' may be undefined, or defined from star imports: phylanx.ast</failure>
    </testcase>
    <testcase name="./examples/algorithms/phylanx_als_csv.py:29:11" time="">
        <failure col="11" file="./examples/algorithms/phylanx_als_csv.py" line="29" message="F405 'identity' may be undefined, or defined from star imports: phylanx.ast" type="F405">./examples/algorithms/phylanx_als_csv.py:29:11 F405 'identity' may be undefined, or defined from star imports: phylanx.ast</failure>
    </testcase>
    <testcase name="./examples/algorithms/phylanx_als_csv.py:30:11" time="">
        <failure col="11" file="./examples/algorithms/phylanx_als_csv.py" line="30" message="F405 'identity' may be undefined, or defined from star imports: phylanx.ast" type="F405">./examples/algorithms/phylanx_als_csv.py:30:11 F405 'identity' may be undefined, or defined from star imports: phylanx.ast</failure>
    </testcase>
    <testcase name="./examples/algorithms/phylanx_als_csv.py:34:11" time="">
        <failure col="11" file="./examples/algorithms/phylanx_als_csv.py" line="34" message="F405 'constant' may be undefined, or defined from star imports: phylanx.ast" type="F405">./examples/algorithms/phylanx_als_csv.py:34:11 F405 'constant' may be undefined, or defined from star imports: phylanx.ast</failure>
    </testcase>
    <testcase name="./examples/algorithms/phylanx_als_csv.py:34:25" time="">
        <failure col="25" file="./examples/algorithms/phylanx_als_csv.py" line="34" message="F405 'make_list' may be undefined, or defined from star imports: phylanx.ast" type="F405">./examples/algorithms/phylanx_als_csv.py:34:25 F405 'make_list' may be undefined, or defined from star imports: phylanx.ast</failure>
    </testcase>
    <testcase name="./examples/algorithms/phylanx_als_csv.py:35:11" time="">
        <failure col="11" file="./examples/algorithms/phylanx_als_csv.py" line="35" message="F405 'constant' may be undefined, or defined from star imports: phylanx.ast" type="F405">./examples/algorithms/phylanx_als_csv.py:35:11 F405 'constant' may be undefined, or defined from star imports: phylanx.ast</failure>
    </testcase>
    <testcase name="./examples/algorithms/phylanx_als_csv.py:35:25" time="">
        <failure col="25" file="./examples/algorithms/phylanx_als_csv.py" line="35" message="F405 'make_list' may be undefined, or defined from star imports: phylanx.ast" type="F405">./examples/algorithms/phylanx_als_csv.py:35:25 F405 'make_list' may be undefined, or defined from star imports: phylanx.ast</failure>
    </testcase>
    <testcase name="./examples/algorithms/phylanx_als_csv.py:36:9" time="">
        <failure col="9" file="./examples/algorithms/phylanx_als_csv.py" line="36" message="F405 'constant' may be undefined, or defined from star imports: phylanx.ast" type="F405">./examples/algorithms/phylanx_als_csv.py:36:9 F405 'constant' may be undefined, or defined from star imports: phylanx.ast</failure>
    </testcase>
    <testcase name="./examples/algorithms/phylanx_als_csv.py:36:23" time="">
        <failure col="23" file="./examples/algorithms/phylanx_als_csv.py" line="36" message="F405 'make_list' may be undefined, or defined from star imports: phylanx.ast" type="F405">./examples/algorithms/phylanx_als_csv.py:36:23 F405 'make_list' may be undefined, or defined from star imports: phylanx.ast</failure>
    </testcase>
    <testcase name="./examples/algorithms/phylanx_als_csv.py:37:9" time="">
        <failure col="9" file="./examples/algorithms/phylanx_als_csv.py" line="37" message="F405 'constant' may be undefined, or defined from star imports: phylanx.ast" type="F405">./examples/algorithms/phylanx_als_csv.py:37:9 F405 'constant' may be undefined, or defined from star imports: phylanx.ast</failure>
    </testcase>
    <testcase name="./examples/algorithms/phylanx_als_csv.py:37:23" time="">
        <failure col="23" file="./examples/algorithms/phylanx_als_csv.py" line="37" message="F405 'make_list' may be undefined, or defined from star imports: phylanx.ast" type="F405">./examples/algorithms/phylanx_als_csv.py:37:23 F405 'make_list' may be undefined, or defined from star imports: phylanx.ast</failure>
    </testcase>
    <testcase name="./examples/algorithms/phylanx_als_csv.py:43:15" time="">
        <failure col="15" file="./examples/algorithms/phylanx_als_csv.py" line="43" message="F405 'dot' may be undefined, or defined from star imports: phylanx.ast" type="F405">./examples/algorithms/phylanx_als_csv.py:43:15 F405 'dot' may be undefined, or defined from star imports: phylanx.ast</failure>
    </testcase>
    <testcase name="./examples/algorithms/phylanx_als_csv.py:43:19" time="">
        <failure col="19" file="./examples/algorithms/phylanx_als_csv.py" line="43" message="F405 'transpose' may be undefined, or defined from star imports: phylanx.ast" type="F405">./examples/algorithms/phylanx_als_csv.py:43:19 F405 'transpose' may be undefined, or defined from star imports: phylanx.ast</failure>
    </testcase>
    <testcase name="./examples/algorithms/phylanx_als_csv.py:44:15" time="">
        <failure col="15" file="./examples/algorithms/phylanx_als_csv.py" line="44" message="F405 'dot' may be undefined, or defined from star imports: phylanx.ast" type="F405">./examples/algorithms/phylanx_als_csv.py:44:15 F405 'dot' may be undefined, or defined from star imports: phylanx.ast</failure>
    </testcase>
    <testcase name="./examples/algorithms/phylanx_als_csv.py:44:19" time="">
        <failure col="19" file="./examples/algorithms/phylanx_als_csv.py" line="44" message="F405 'transpose' may be undefined, or defined from star imports: phylanx.ast" type="F405">./examples/algorithms/phylanx_als_csv.py:44:19 F405 'transpose' may be undefined, or defined from star imports: phylanx.ast</failure>
    </testcase>
    <testcase name="./examples/algorithms/phylanx_als_csv.py:46:22" time="">
        <failure col="22" file="./examples/algorithms/phylanx_als_csv.py" line="46" message="F405 'slice_row' may be undefined, or defined from star imports: phylanx.ast" type="F405">./examples/algorithms/phylanx_als_csv.py:46:22 F405 'slice_row' may be undefined, or defined from star imports: phylanx.ast</failure>
    </testcase>
    <testcase name="./examples/algorithms/phylanx_als_csv.py:47:19" time="">
        <failure col="19" file="./examples/algorithms/phylanx_als_csv.py" line="47" message="F405 'diag' may be undefined, or defined from star imports: phylanx.ast" type="F405">./examples/algorithms/phylanx_als_csv.py:47:19 F405 'diag' may be undefined, or defined from star imports: phylanx.ast</failure>
    </testcase>
    <testcase name="./examples/algorithms/phylanx_als_csv.py:49:23" time="">
        <failure col="23" file="./examples/algorithms/phylanx_als_csv.py" line="49" message="F405 'dot' may be undefined, or defined from star imports: phylanx.ast" type="F405">./examples/algorithms/phylanx_als_csv.py:49:23 F405 'dot' may be undefined, or defined from star imports: phylanx.ast</failure>
    </testcase>
    <testcase name="./examples/algorithms/phylanx_als_csv.py:49:27" time="">
        <failure col="27" file="./examples/algorithms/phylanx_als_csv.py" line="49" message="F405 'dot' may be undefined, or defined from star imports: phylanx.ast" type="F405">./examples/algorithms/phylanx_als_csv.py:49:27 F405 'dot' may be undefined, or defined from star imports: phylanx.ast</failure>
    </testcase>
    <testcase name="./examples/algorithms/phylanx_als_csv.py:49:31" time="">
        <failure col="31" file="./examples/algorithms/phylanx_als_csv.py" line="49" message="F405 'transpose' may be undefined, or defined from star imports: phylanx.ast" type="F405">./examples/algorithms/phylanx_als_csv.py:49:31 F405 'transpose' may be undefined, or defined from star imports: phylanx.ast</failure>
    </testcase>
    <testcase name="./examples/algorithms/phylanx_als_csv.py:50:17" time="">
        <failure col="17" file="./examples/algorithms/phylanx_als_csv.py" line="50" message="F405 'dot' may be undefined, or defined from star imports: phylanx.ast" type="F405">./examples/algorithms/phylanx_als_csv.py:50:17 F405 'dot' may be undefined, or defined from star imports: phylanx.ast</failure>
    </testcase>
    <testcase name="./examples/algorithms/phylanx_als_csv.py:50:21" time="">
        <failure col="21" file="./examples/algorithms/phylanx_als_csv.py" line="50" message="F405 'dot' may be undefined, or defined from star imports: phylanx.ast" type="F405">./examples/algorithms/phylanx_als_csv.py:50:21 F405 'dot' may be undefined, or defined from star imports: phylanx.ast</failure>
    </testcase>
    <testcase name="./examples/algorithms/phylanx_als_csv.py:50:25" time="">
        <failure col="25" file="./examples/algorithms/phylanx_als_csv.py" line="50" message="F405 'transpose' may be undefined, or defined from star imports: phylanx.ast" type="F405">./examples/algorithms/phylanx_als_csv.py:50:25 F405 'transpose' may be undefined, or defined from star imports: phylanx.ast</failure>
    </testcase>
    <testcase name="./examples/algorithms/phylanx_als_csv.py:50:51" time="">
        <failure col="51" file="./examples/algorithms/phylanx_als_csv.py" line="50" message="F405 'transpose' may be undefined, or defined from star imports: phylanx.ast" type="F405">./examples/algorithms/phylanx_als_csv.py:50:51 F405 'transpose' may be undefined, or defined from star imports: phylanx.ast</failure>
    </testcase>
    <testcase name="./examples/algorithms/phylanx_als_csv.py:51:13" time="">
        <failure col="13" file="./examples/algorithms/phylanx_als_csv.py" line="51" message="F405 'set_row' may be undefined, or defined from star imports: phylanx.ast" type="F405">./examples/algorithms/phylanx_als_csv.py:51:13 F405 'set_row' may be undefined, or defined from star imports: phylanx.ast</failure>
    </testcase>
    <testcase name="./examples/algorithms/phylanx_als_csv.py:51:37" time="">
        <failure col="37" file="./examples/algorithms/phylanx_als_csv.py" line="51" message="F405 'dot' may be undefined, or defined from star imports: phylanx.ast" type="F405">./examples/algorithms/phylanx_als_csv.py:51:37 F405 'dot' may be undefined, or defined from star imports: phylanx.ast</failure>
    </testcase>
    <testcase name="./examples/algorithms/phylanx_als_csv.py:51:41" time="">
        <failure col="41" file="./examples/algorithms/phylanx_als_csv.py" line="51" message="F405 'inverse' may be undefined, or defined from star imports: phylanx.ast" type="F405">./examples/algorithms/phylanx_als_csv.py:51:41 F405 'inverse' may be undefined, or defined from star imports: phylanx.ast</failure>
    </testcase>
    <testcase name="./examples/algorithms/phylanx_als_csv.py:54:22" time="">
        <failure col="22" file="./examples/algorithms/phylanx_als_csv.py" line="54" message="F405 'slice_column' may be undefined, or defined from star imports: phylanx.ast" type="F405">./examples/algorithms/phylanx_als_csv.py:54:22 F405 'slice_column' may be undefined, or defined from star imports: phylanx.ast</failure>
    </testcase>
    <testcase name="./examples/algorithms/phylanx_als_csv.py:55:19" time="">
        <failure col="19" file="./examples/algorithms/phylanx_als_csv.py" line="55" message="F405 'diag' may be undefined, or defined from star imports: phylanx.ast" type="F405">./examples/algorithms/phylanx_als_csv.py:55:19 F405 'diag' may be undefined, or defined from star imports: phylanx.ast</failure>
    </testcase>
    <testcase name="./examples/algorithms/phylanx_als_csv.py:57:23" time="">
        <failure col="23" file="./examples/algorithms/phylanx_als_csv.py" line="57" message="F405 'dot' may be undefined, or defined from star imports: phylanx.ast" type="F405">./examples/algorithms/phylanx_als_csv.py:57:23 F405 'dot' may be undefined, or defined from star imports: phylanx.ast</failure>
    </testcase>
    <testcase name="./examples/algorithms/phylanx_als_csv.py:57:27" time="">
        <failure col="27" file="./examples/algorithms/phylanx_als_csv.py" line="57" message="F405 'dot' may be undefined, or defined from star imports: phylanx.ast" type="F405">./examples/algorithms/phylanx_als_csv.py:57:27 F405 'dot' may be undefined, or defined from star imports: phylanx.ast</failure>
    </testcase>
    <testcase name="./examples/algorithms/phylanx_als_csv.py:57:31" time="">
        <failure col="31" file="./examples/algorithms/phylanx_als_csv.py" line="57" message="F405 'transpose' may be undefined, or defined from star imports: phylanx.ast" type="F405">./examples/algorithms/phylanx_als_csv.py:57:31 F405 'transpose' may be undefined, or defined from star imports: phylanx.ast</failure>
    </testcase>
    <testcase name="./examples/algorithms/phylanx_als_csv.py:58:17" time="">
        <failure col="17" file="./examples/algorithms/phylanx_als_csv.py" line="58" message="F405 'dot' may be undefined, or defined from star imports: phylanx.ast" type="F405">./examples/algorithms/phylanx_als_csv.py:58:17 F405 'dot' may be undefined, or defined from star imports: phylanx.ast</failure>
    </testcase>
    <testcase name="./examples/algorithms/phylanx_als_csv.py:58:21" time="">
        <failure col="21" file="./examples/algorithms/phylanx_als_csv.py" line="58" message="F405 'dot' may be undefined, or defined from star imports: phylanx.ast" type="F405">./examples/algorithms/phylanx_als_csv.py:58:21 F405 'dot' may be undefined, or defined from star imports: phylanx.ast</failure>
    </testcase>
    <testcase name="./examples/algorithms/phylanx_als_csv.py:58:25" time="">
        <failure col="25" file="./examples/algorithms/phylanx_als_csv.py" line="58" message="F405 'transpose' may be undefined, or defined from star imports: phylanx.ast" type="F405">./examples/algorithms/phylanx_als_csv.py:58:25 F405 'transpose' may be undefined, or defined from star imports: phylanx.ast</failure>
    </testcase>
    <testcase name="./examples/algorithms/phylanx_als_csv.py:58:51" time="">
        <failure col="51" file="./examples/algorithms/phylanx_als_csv.py" line="58" message="F405 'transpose' may be undefined, or defined from star imports: phylanx.ast" type="F405">./examples/algorithms/phylanx_als_csv.py:58:51 F405 'transpose' may be undefined, or defined from star imports: phylanx.ast</failure>
    </testcase>
    <testcase name="./examples/algorithms/phylanx_als_csv.py:59:13" time="">
        <failure col="13" file="./examples/algorithms/phylanx_als_csv.py" line="59" message="F405 'set_row' may be undefined, or defined from star imports: phylanx.ast" type="F405">./examples/algorithms/phylanx_als_csv.py:59:13 F405 'set_row' may be undefined, or defined from star imports: phylanx.ast</failure>
    </testcase>
    <testcase name="./examples/algorithms/phylanx_als_csv.py:59:37" time="">
        <failure col="37" file="./examples/algorithms/phylanx_als_csv.py" line="59" message="F405 'dot' may be undefined, or defined from star imports: phylanx.ast" type="F405">./examples/algorithms/phylanx_als_csv.py:59:37 F405 'dot' may be undefined, or defined from star imports: phylanx.ast</failure>
    </testcase>
    <testcase name="./examples/algorithms/phylanx_als_csv.py:59:41" time="">
        <failure col="41" file="./examples/algorithms/phylanx_als_csv.py" line="59" message="F405 'inverse' may be undefined, or defined from star imports: phylanx.ast" type="F405">./examples/algorithms/phylanx_als_csv.py:59:41 F405 'inverse' may be undefined, or defined from star imports: phylanx.ast</failure>
    </testcase>
    <testcase name="./examples/algorithms/phylanx_als_csv.py:64:12" time="">
        <failure col="12" file="./examples/algorithms/phylanx_als_csv.py" line="64" message="F405 'make_list' may be undefined, or defined from star imports: phylanx.ast" type="F405">./examples/algorithms/phylanx_als_csv.py:64:12 F405 'make_list' may be undefined, or defined from star imports: phylanx.ast</failure>
    </testcase>
    <testcase name="./examples/algorithms/tsne.py:14:1" time="">
        <failure col="1" file="./examples/algorithms/tsne.py" line="14" message="F401 'phylanx' imported but unused" type="F401">./examples/algorithms/tsne.py:14:1 F401 'phylanx' imported but unused</failure>
    </testcase>
    <testcase name="./examples/algorithms/tsne.py:15:1" time="">
        <failure col="1" file="./examples/algorithms/tsne.py" line="15" message="F403 'from phylanx.ast import *' used; unable to detect undefined names" type="F403">./examples/algorithms/tsne.py:15:1 F403 'from phylanx.ast import *' used; unable to detect undefined names</failure>
    </testcase>
    <testcase name="./examples/algorithms/tsne.py:18:2" time="">
        <failure col="2" file="./examples/algorithms/tsne.py" line="18" message="F405 'Phylanx' may be undefined, or defined from star imports: phylanx.ast" type="F405">./examples/algorithms/tsne.py:18:2 F405 'Phylanx' may be undefined, or defined from star imports: phylanx.ast</failure>
    </testcase>
    <testcase name="./examples/algorithms/tsne.py:21:11" time="">
        <failure col="11" file="./examples/algorithms/tsne.py" line="21" message="F405 'transpose' may be undefined, or defined from star imports: phylanx.ast" type="F405">./examples/algorithms/tsne.py:21:11 F405 'transpose' may be undefined, or defined from star imports: phylanx.ast</failure>
    </testcase>
    <testcase name="./examples/algorithms/tsne.py:21:29" time="">
        <failure col="29" file="./examples/algorithms/tsne.py" line="21" message="F405 'dot' may be undefined, or defined from star imports: phylanx.ast" type="F405">./examples/algorithms/tsne.py:21:29 F405 'dot' may be undefined, or defined from star imports: phylanx.ast</failure>
    </testcase>
    <testcase name="./examples/algorithms/tsne.py:21:36" time="">
        <failure col="36" file="./examples/algorithms/tsne.py" line="21" message="F405 'transpose' may be undefined, or defined from star imports: phylanx.ast" type="F405">./examples/algorithms/tsne.py:21:36 F405 'transpose' may be undefined, or defined from star imports: phylanx.ast</failure>
    </testcase>
    <testcase name="./examples/algorithms/tsne.py:25:2" time="">
        <failure col="2" file="./examples/algorithms/tsne.py" line="25" message="F405 'Phylanx' may be undefined, or defined from star imports: phylanx.ast" type="F405">./examples/algorithms/tsne.py:25:2 F405 'Phylanx' may be undefined, or defined from star imports: phylanx.ast</failure>
    </testcase>
    <testcase name="./examples/algorithms/tsne.py:27:11" time="">
        <failure col="11" file="./examples/algorithms/tsne.py" line="27" message="F405 'exp' may be undefined, or defined from star imports: phylanx.ast" type="F405">./examples/algorithms/tsne.py:27:11 F405 'exp' may be undefined, or defined from star imports: phylanx.ast</failure>
    </testcase>
    <testcase name="./examples/algorithms/tsne.py:27:19" time="">
        <failure col="19" file="./examples/algorithms/tsne.py" line="27" message="F405 'reshape' may be undefined, or defined from star imports: phylanx.ast" type="F405">./examples/algorithms/tsne.py:27:19 F405 'reshape' may be undefined, or defined from star imports: phylanx.ast</failure>
    </testcase>
    <testcase name="./examples/algorithms/tsne.py:29:9" time="">
        <failure col="9" file="./examples/algorithms/tsne.py" line="29" message="F405 'fill_diagonal' may be undefined, or defined from star imports: phylanx.ast" type="F405">./examples/algorithms/tsne.py:29:9 F405 'fill_diagonal' may be undefined, or defined from star imports: phylanx.ast</failure>
    </testcase>
    <testcase name="./examples/algorithms/tsne.py:32:18" time="">
        <failure col="18" file="./examples/algorithms/tsne.py" line="32" message="F405 'reshape' may be undefined, or defined from star imports: phylanx.ast" type="F405">./examples/algorithms/tsne.py:32:18 F405 'reshape' may be undefined, or defined from star imports: phylanx.ast</failure>
    </testcase>
    <testcase name="./examples/algorithms/tsne.py:35:2" time="">
        <failure col="2" file="./examples/algorithms/tsne.py" line="35" message="F405 'Phylanx' may be undefined, or defined from star imports: phylanx.ast" type="F405">./examples/algorithms/tsne.py:35:2 F405 'Phylanx' may be undefined, or defined from star imports: phylanx.ast</failure>
    </testcase>
    <testcase name="./examples/algorithms/tsne.py:38:32" time="">
        <failure col="32" file="./examples/algorithms/tsne.py" line="38" message="F405 'reshape' may be undefined, or defined from star imports: phylanx.ast" type="F405">./examples/algorithms/tsne.py:38:32 F405 'reshape' may be undefined, or defined from star imports: phylanx.ast</failure>
    </testcase>
    <testcase name="./examples/algorithms/tsne.py:44:2" time="">
        <failure col="2" file="./examples/algorithms/tsne.py" line="44" message="F405 'Phylanx' may be undefined, or defined from star imports: phylanx.ast" type="F405">./examples/algorithms/tsne.py:44:2 F405 'Phylanx' may be undefined, or defined from star imports: phylanx.ast</failure>
    </testcase>
    <testcase name="./examples/algorithms/tsne.py:56:33" time="">
        <failure col="33" file="./examples/algorithms/tsne.py" line="56" message="F405 'sigma' may be undefined, or defined from star imports: phylanx.ast" type="F405">./examples/algorithms/tsne.py:56:33 F405 'sigma' may be undefined, or defined from star imports: phylanx.ast</failure>
    </testcase>
    <testcase name="./examples/algorithms/tsne.py:67:2" time="">
        <failure col="2" file="./examples/algorithms/tsne.py" line="67" message="F405 'Phylanx' may be undefined, or defined from star imports: phylanx.ast" type="F405">./examples/algorithms/tsne.py:67:2 F405 'Phylanx' may be undefined, or defined from star imports: phylanx.ast</failure>
    </testcase>
    <testcase name="./examples/algorithms/tsne.py:69:34" time="">
        <failure col="34" file="./examples/algorithms/tsne.py" line="69" message="F405 'log2' may be undefined, or defined from star imports: phylanx.ast" type="F405">./examples/algorithms/tsne.py:69:34 F405 'log2' may be undefined, or defined from star imports: phylanx.ast</failure>
    </testcase>
    <testcase name="./examples/algorithms/tsne.py:74:2" time="">
        <failure col="2" file="./examples/algorithms/tsne.py" line="74" message="F405 'Phylanx' may be undefined, or defined from star imports: phylanx.ast" type="F405">./examples/algorithms/tsne.py:74:2 F405 'Phylanx' may be undefined, or defined from star imports: phylanx.ast</failure>
    </testcase>
    <testcase name="./examples/algorithms/tsne.py:76:28" time="">
        <failure col="28" file="./examples/algorithms/tsne.py" line="76" message="F405 'calc_prob_matrix' may be undefined, or defined from star imports: phylanx.ast" type="F405">./examples/algorithms/tsne.py:76:28 F405 'calc_prob_matrix' may be undefined, or defined from star imports: phylanx.ast</failure>
    </testcase>
    <testcase name="./examples/algorithms/tsne.py:79:2" time="">
        <failure col="2" file="./examples/algorithms/tsne.py" line="79" message="F405 'Phylanx' may be undefined, or defined from star imports: phylanx.ast" type="F405">./examples/algorithms/tsne.py:79:2 F405 'Phylanx' may be undefined, or defined from star imports: phylanx.ast</failure>
    </testcase>
    <testcase name="./examples/algorithms/tsne.py:84:2" time="">
        <failure col="2" file="./examples/algorithms/tsne.py" line="84" message="F405 'Phylanx' may be undefined, or defined from star imports: phylanx.ast" type="F405">./examples/algorithms/tsne.py:84:2 F405 'Phylanx' may be undefined, or defined from star imports: phylanx.ast</failure>
    </testcase>
    <testcase name="./examples/algorithms/tsne.py:86:9" time="">
        <failure col="9" file="./examples/algorithms/tsne.py" line="86" message="F405 'shape' may be undefined, or defined from star imports: phylanx.ast" type="F405">./examples/algorithms/tsne.py:86:9 F405 'shape' may be undefined, or defined from star imports: phylanx.ast</failure>
    </testcase>
    <testcase name="./examples/algorithms/tsne.py:87:14" time="">
        <failure col="14" file="./examples/algorithms/tsne.py" line="87" message="F405 'array' may be undefined, or defined from star imports: phylanx.ast" type="F405">./examples/algorithms/tsne.py:87:14 F405 'array' may be undefined, or defined from star imports: phylanx.ast</failure>
    </testcase>
    <testcase name="./examples/algorithms/tsne.py:91:67" time="">
        <failure col="67" file="./examples/algorithms/tsne.py" line="91" message="F405 'sigma' may be undefined, or defined from star imports: phylanx.ast" type="F405">./examples/algorithms/tsne.py:91:67 F405 'sigma' may be undefined, or defined from star imports: phylanx.ast</failure>
    </testcase>
    <testcase name="./examples/algorithms/tsne.py:92:18" time="">
        <failure col="18" file="./examples/algorithms/tsne.py" line="92" message="F405 'vstack' may be undefined, or defined from star imports: phylanx.ast" type="F405">./examples/algorithms/tsne.py:92:18 F405 'vstack' may be undefined, or defined from star imports: phylanx.ast</failure>
    </testcase>
    <testcase name="./examples/algorithms/tsne.py:96:2" time="">
        <failure col="2" file="./examples/algorithms/tsne.py" line="96" message="F405 'Phylanx' may be undefined, or defined from star imports: phylanx.ast" type="F405">./examples/algorithms/tsne.py:96:2 F405 'Phylanx' may be undefined, or defined from star imports: phylanx.ast</failure>
    </testcase>
    <testcase name="./examples/algorithms/tsne.py:98:17" time="">
        <failure col="17" file="./examples/algorithms/tsne.py" line="98" message="F405 'transpose' may be undefined, or defined from star imports: phylanx.ast" type="F405">./examples/algorithms/tsne.py:98:17 F405 'transpose' may be undefined, or defined from star imports: phylanx.ast</failure>
    </testcase>
    <testcase name="./examples/algorithms/tsne.py:98:46" time="">
        <failure col="46" file="./examples/algorithms/tsne.py" line="98" message="F405 'shape' may be undefined, or defined from star imports: phylanx.ast" type="F405">./examples/algorithms/tsne.py:98:46 F405 'shape' may be undefined, or defined from star imports: phylanx.ast</failure>
    </testcase>
    <testcase name="./examples/algorithms/tsne.py:124:2" time="">
        <failure col="2" file="./examples/algorithms/tsne.py" line="124" message="F405 'Phylanx' may be undefined, or defined from star imports: phylanx.ast" type="F405">./examples/algorithms/tsne.py:124:2 F405 'Phylanx' may be undefined, or defined from star imports: phylanx.ast</failure>
    </testcase>
    <testcase name="./examples/algorithms/tsne.py:126:17" time="">
        <failure col="17" file="./examples/algorithms/tsne.py" line="126" message="F405 'neg_squared_euc_dists' may be undefined, or defined from star imports: phylanx.ast" type="F405">./examples/algorithms/tsne.py:126:17 F405 'neg_squared_euc_dists' may be undefined, or defined from star imports: phylanx.ast</failure>
    </testcase>
    <testcase name="./examples/algorithms/tsne.py:130:5" time="">
        <failure col="5" file="./examples/algorithms/tsne.py" line="130" message="F405 'fill_diagonal' may be undefined, or defined from star imports: phylanx.ast" type="F405">./examples/algorithms/tsne.py:130:5 F405 'fill_diagonal' may be undefined, or defined from star imports: phylanx.ast</failure>
    </testcase>
    <testcase name="./examples/algorithms/tsne.py:137:2" time="">
        <failure col="2" file="./examples/algorithms/tsne.py" line="137" message="F405 'Phylanx' may be undefined, or defined from star imports: phylanx.ast" type="F405">./examples/algorithms/tsne.py:137:2 F405 'Phylanx' may be undefined, or defined from star imports: phylanx.ast</failure>
    </testcase>
    <testcase name="./examples/algorithms/tsne.py:140:19" time="">
        <failure col="19" file="./examples/algorithms/tsne.py" line="140" message="F405 'expand_dims' may be undefined, or defined from star imports: phylanx.ast" type="F405">./examples/algorithms/tsne.py:140:19 F405 'expand_dims' may be undefined, or defined from star imports: phylanx.ast</failure>
    </testcase>
    <testcase name="./examples/algorithms/tsne.py:141:15" time="">
        <failure col="15" file="./examples/algorithms/tsne.py" line="141" message="F405 'expanded_dims' may be undefined, or defined from star imports: phylanx.ast" type="F405">./examples/algorithms/tsne.py:141:15 F405 'expanded_dims' may be undefined, or defined from star imports: phylanx.ast</failure>
    </testcase>
    <testcase name="./examples/algorithms/tsne.py:141:37" time="">
        <failure col="37" file="./examples/algorithms/tsne.py" line="141" message="F405 'expanded_dims' may be undefined, or defined from star imports: phylanx.ast" type="F405">./examples/algorithms/tsne.py:141:37 F405 'expanded_dims' may be undefined, or defined from star imports: phylanx.ast</failure>
    </testcase>
    <testcase name="./examples/algorithms/tsne.py:142:26" time="">
        <failure col="26" file="./examples/algorithms/tsne.py" line="142" message="F405 'expand_dims' may be undefined, or defined from star imports: phylanx.ast" type="F405">./examples/algorithms/tsne.py:142:26 F405 'expand_dims' may be undefined, or defined from star imports: phylanx.ast</failure>
    </testcase>
    <testcase name="./examples/algorithms/tsne.py:148:2" time="">
        <failure col="2" file="./examples/algorithms/tsne.py" line="148" message="F405 'Phylanx' may be undefined, or defined from star imports: phylanx.ast" type="F405">./examples/algorithms/tsne.py:148:2 F405 'Phylanx' may be undefined, or defined from star imports: phylanx.ast</failure>
    </testcase>
    <testcase name="./examples/algorithms/tsne.py:150:17" time="">
        <failure col="17" file="./examples/algorithms/tsne.py" line="150" message="F405 'neg_squared_euc_dists' may be undefined, or defined from star imports: phylanx.ast" type="F405">./examples/algorithms/tsne.py:150:17 F405 'neg_squared_euc_dists' may be undefined, or defined from star imports: phylanx.ast</failure>
    </testcase>
    <testcase name="./examples/algorithms/tsne.py:151:45" time="">
        <failure col="45" file="./examples/algorithms/tsne.py" line="151" message="F405 'target_perplexity' may be undefined, or defined from star imports: phylanx.ast" type="F405">./examples/algorithms/tsne.py:151:45 F405 'target_perplexity' may be undefined, or defined from star imports: phylanx.ast</failure>
    </testcase>
    <testcase name="./examples/algorithms/tsne.py:152:21" time="">
        <failure col="21" file="./examples/algorithms/tsne.py" line="152" message="F405 'calc_prob_matrix' may be undefined, or defined from star imports: phylanx.ast" type="F405">./examples/algorithms/tsne.py:152:21 F405 'calc_prob_matrix' may be undefined, or defined from star imports: phylanx.ast</failure>
    </testcase>
    <testcase name="./examples/algorithms/tsne.py:153:9" time="">
        <failure col="9" file="./examples/algorithms/tsne.py" line="153" message="F405 'p_conditional_joint' may be undefined, or defined from star imports: phylanx.ast" type="F405">./examples/algorithms/tsne.py:153:9 F405 'p_conditional_joint' may be undefined, or defined from star imports: phylanx.ast</failure>
    </testcase>
    <testcase name="./examples/algorithms/tsne.py:157:2" time="">
        <failure col="2" file="./examples/algorithms/tsne.py" line="157" message="F405 'Phylanx' may be undefined, or defined from star imports: phylanx.ast" type="F405">./examples/algorithms/tsne.py:157:2 F405 'Phylanx' may be undefined, or defined from star imports: phylanx.ast</failure>
    </testcase>
    <testcase name="./examples/algorithms/tsne.py:160:19" time="">
        <failure col="19" file="./examples/algorithms/tsne.py" line="160" message="F405 'array' may be undefined, or defined from star imports: phylanx.ast" type="F405">./examples/algorithms/tsne.py:160:19 F405 'array' may be undefined, or defined from star imports: phylanx.ast</failure>
    </testcase>
    <testcase name="./examples/algorithms/tsne.py:161:22" time="">
        <failure col="22" file="./examples/algorithms/tsne.py" line="161" message="F405 'shape' may be undefined, or defined from star imports: phylanx.ast" type="F405">./examples/algorithms/tsne.py:161:22 F405 'shape' may be undefined, or defined from star imports: phylanx.ast</failure>
    </testcase>
    <testcase name="./examples/algorithms/tsne.py:166:9" time="">
        <failure col="9" file="./examples/algorithms/tsne.py" line="166" message="F405 'random' may be undefined, or defined from star imports: phylanx.ast" type="F405">./examples/algorithms/tsne.py:166:9 F405 'random' may be undefined, or defined from star imports: phylanx.ast</failure>
    </testcase>
    <testcase name="./examples/algorithms/tsne.py:194:17" time="">
        <failure col="17" file="./examples/algorithms/tsne.py" line="194" message="F405 'X' may be undefined, or defined from star imports: phylanx.ast" type="F405">./examples/algorithms/tsne.py:194:17 F405 'X' may be undefined, or defined from star imports: phylanx.ast</failure>
    </testcase>
    <testcase name="./examples/algorithms/tsne.py:196:9" time="">
        <failure col="9" file="./examples/algorithms/tsne.py" line="196" message="F405 'X' may be undefined, or defined from star imports: phylanx.ast" type="F405">./examples/algorithms/tsne.py:196:9 F405 'X' may be undefined, or defined from star imports: phylanx.ast</failure>
    </testcase>
    <testcase name="./examples/algorithms/tsne.py:197:9" time="">
        <failure col="9" file="./examples/algorithms/tsne.py" line="197" message="F405 'y' may be undefined, or defined from star imports: phylanx.ast" type="F405">./examples/algorithms/tsne.py:197:9 F405 'y' may be undefined, or defined from star imports: phylanx.ast</failure>
    </testcase>
</testsuite>
