<?xml version="1.0" encoding="utf-8"?>
<testsuite errors="11" failures="0" name="inspect" tests="11">
    <testcase name="/phylanx/execution_tree/primitives/range_operation.hpp" time="">
        <failure file="/phylanx/execution_tree/primitives/range_operation.hpp" message="*I* missing #include (memory) for symbol std::enable_shared_from_this on line &lt;a href = &quot;https://github.com/STEllAR-GROUP/phylanx/blob/ab0fb824a4c2bcd48c1740414ab1aa3f71607742/phylanx/execution_tree/primitives/range_operation.hpp#L26&quot;&gt;26&lt;/a&gt;">*I* missing #include (memory) for symbol std::enable_shared_from_this on line &lt;a href = &quot;https://github.com/STEllAR-GROUP/phylanx/blob/ab0fb824a4c2bcd48c1740414ab1aa3f71607742/phylanx/execution_tree/primitives/range_operation.hpp#L26&quot;&gt;26&lt;/a&gt;</failure>
    </testcase>
    <testcase name="/phylanx/plugins/booleans/all_operation.hpp" time="">
        <failure file="/phylanx/plugins/booleans/all_operation.hpp" message="*I* missing #include (memory) for symbol std::enable_shared_from_this on line &lt;a href = &quot;https://github.com/STEllAR-GROUP/phylanx/blob/ab0fb824a4c2bcd48c1740414ab1aa3f71607742/phylanx/plugins/booleans/all_operation.hpp#L24&quot;&gt;24&lt;/a&gt;">*I* missing #include (memory) for symbol std::enable_shared_from_this on line &lt;a href = &quot;https://github.com/STEllAR-GROUP/phylanx/blob/ab0fb824a4c2bcd48c1740414ab1aa3f71607742/phylanx/plugins/booleans/all_operation.hpp#L24&quot;&gt;24&lt;/a&gt;</failure>
    </testcase>
    <testcase name="/phylanx/plugins/booleans/any_operation.hpp" time="">
        <failure file="/phylanx/plugins/booleans/any_operation.hpp" message="*I* missing #include (memory) for symbol std::enable_shared_from_this on line &lt;a href = &quot;https://github.com/STEllAR-GROUP/phylanx/blob/ab0fb824a4c2bcd48c1740414ab1aa3f71607742/phylanx/plugins/booleans/any_operation.hpp#L24&quot;&gt;24&lt;/a&gt;">*I* missing #include (memory) for symbol std::enable_shared_from_this on line &lt;a href = &quot;https://github.com/STEllAR-GROUP/phylanx/blob/ab0fb824a4c2bcd48c1740414ab1aa3f71607742/phylanx/plugins/booleans/any_operation.hpp#L24&quot;&gt;24&lt;/a&gt;</failure>
    </testcase>
    <testcase name="/phylanx/plugins/fileio/file_write.hpp" time="">
        <failure file="/phylanx/plugins/fileio/file_write.hpp" message="*I* missing #include (utility) for symbol std::move on line &lt;a href = &quot;https://github.com/STEllAR-GROUP/phylanx/blob/ab0fb824a4c2bcd48c1740414ab1aa3f71607742/phylanx/plugins/fileio/file_write.hpp#L54&quot;&gt;54&lt;/a&gt;">*I* missing #include (utility) for symbol std::move on line &lt;a href = &quot;https://github.com/STEllAR-GROUP/phylanx/blob/ab0fb824a4c2bcd48c1740414ab1aa3f71607742/phylanx/plugins/fileio/file_write.hpp#L54&quot;&gt;54&lt;/a&gt;</failure>
    </testcase>
    <testcase name="/phylanx/plugins/fileio/file_write_csv.hpp" time="">
        <failure file="/phylanx/plugins/fileio/file_write_csv.hpp" message="*I* missing #include (memory) for symbol std::enable_shared_from_this on line &lt;a href = &quot;https://github.com/STEllAR-GROUP/phylanx/blob/ab0fb824a4c2bcd48c1740414ab1aa3f71607742/phylanx/plugins/fileio/file_write_csv.hpp#L23&quot;&gt;23&lt;/a&gt;">*I* missing #include (memory) for symbol std::enable_shared_from_this on line &lt;a href = &quot;https://github.com/STEllAR-GROUP/phylanx/blob/ab0fb824a4c2bcd48c1740414ab1aa3f71607742/phylanx/plugins/fileio/file_write_csv.hpp#L23&quot;&gt;23&lt;/a&gt;</failure>
    </testcase>
    <testcase name="/phylanx/plugins/fileio/file_write_hdf5.hpp" time="">
        <failure file="/phylanx/plugins/fileio/file_write_hdf5.hpp" message="*I* missing #include (memory) for symbol std::enable_shared_from_this on line &lt;a href = &quot;https://github.com/STEllAR-GROUP/phylanx/blob/ab0fb824a4c2bcd48c1740414ab1aa3f71607742/phylanx/plugins/fileio/file_write_hdf5.hpp#L24&quot;&gt;24&lt;/a&gt;">*I* missing #include (memory) for symbol std::enable_shared_from_this on line &lt;a href = &quot;https://github.com/STEllAR-GROUP/phylanx/blob/ab0fb824a4c2bcd48c1740414ab1aa3f71607742/phylanx/plugins/fileio/file_write_hdf5.hpp#L24&quot;&gt;24&lt;/a&gt;</failure>
    </testcase>
    <testcase name="/phylanx/plugins/fileio/file_write_hdf5.hpp" time="">
        <failure file="/phylanx/plugins/fileio/file_write_hdf5.hpp" message="*I* missing #include (utility) for symbol std::move on line &lt;a href = &quot;https://github.com/STEllAR-GROUP/phylanx/blob/ab0fb824a4c2bcd48c1740414ab1aa3f71607742/phylanx/plugins/fileio/file_write_hdf5.hpp#L52&quot;&gt;52&lt;/a&gt;">*I* missing #include (utility) for symbol std::move on line &lt;a href = &quot;https://github.com/STEllAR-GROUP/phylanx/blob/ab0fb824a4c2bcd48c1740414ab1aa3f71607742/phylanx/plugins/fileio/file_write_hdf5.hpp#L52&quot;&gt;52&lt;/a&gt;</failure>
    </testcase>
    <testcase name="/phylanx/plugins/matrixops/set_operation.hpp" time="">
        <failure file="/phylanx/plugins/matrixops/set_operation.hpp" message="*I* missing #include (memory) for symbol std::enable_shared_from_this on line &lt;a href = &quot;https://github.com/STEllAR-GROUP/phylanx/blob/ab0fb824a4c2bcd48c1740414ab1aa3f71607742/phylanx/plugins/matrixops/set_operation.hpp#L50&quot;&gt;50&lt;/a&gt;">*I* missing #include (memory) for symbol std::enable_shared_from_this on line &lt;a href = &quot;https://github.com/STEllAR-GROUP/phylanx/blob/ab0fb824a4c2bcd48c1740414ab1aa3f71607742/phylanx/plugins/matrixops/set_operation.hpp#L50&quot;&gt;50&lt;/a&gt;</failure>
    </testcase>
    <testcase name="/phylanx/plugins/matrixops/sum_operation.hpp" time="">
        <failure file="/phylanx/plugins/matrixops/sum_operation.hpp" message="*I* missing #include (memory) for symbol std::enable_shared_from_this on line &lt;a href = &quot;https://github.com/STEllAR-GROUP/phylanx/blob/ab0fb824a4c2bcd48c1740414ab1aa3f71607742/phylanx/plugins/matrixops/sum_operation.hpp#L36&quot;&gt;36&lt;/a&gt;">*I* missing #include (memory) for symbol std::enable_shared_from_this on line &lt;a href = &quot;https://github.com/STEllAR-GROUP/phylanx/blob/ab0fb824a4c2bcd48c1740414ab1aa3f71607742/phylanx/plugins/matrixops/sum_operation.hpp#L36&quot;&gt;36&lt;/a&gt;</failure>
    </testcase>
    <testcase name="/src/execution_tree/patterns.cpp" time="">
        <failure file="/src/execution_tree/patterns.cpp" message="*I* missing #include (utility) for symbol std::pair on line &lt;a href = &quot;https://github.com/STEllAR-GROUP/phylanx/blob/ab0fb824a4c2bcd48c1740414ab1aa3f71607742/src/execution_tree/patterns.cpp#L16&quot;&gt;16&lt;/a&gt;">*I* missing #include (utility) for symbol std::pair on line &lt;a href = &quot;https://github.com/STEllAR-GROUP/phylanx/blob/ab0fb824a4c2bcd48c1740414ab1aa3f71607742/src/execution_tree/patterns.cpp#L16&quot;&gt;16&lt;/a&gt;</failure>
    </testcase>
    <testcase name="/src/plugins/listops/listops.cpp" time="">
        <failure file="/src/plugins/listops/listops.cpp" message="*I* missing #include (string) for symbol std::string on line &lt;a href = &quot;https://github.com/STEllAR-GROUP/phylanx/blob/ab0fb824a4c2bcd48c1740414ab1aa3f71607742/src/plugins/listops/listops.cpp#L23&quot;&gt;23&lt;/a&gt;&lt;/pre&gt;">*I* missing #include (string) for symbol std::string on line &lt;a href = &quot;https://github.com/STEllAR-GROUP/phylanx/blob/ab0fb824a4c2bcd48c1740414ab1aa3f71607742/src/plugins/listops/listops.cpp#L23&quot;&gt;23&lt;/a&gt;&lt;/pre&gt;</failure>
    </testcase>
</testsuite>
